22:34:00.559 [main] INFO  o.h.validator.internal.util.Version - HV000001: Hibernate Validator 6.1.6.Final
22:34:01.021 [main] INFO  com.zaxxer.hikari.HikariDataSource - HikariPool-1 - Starting...
22:34:01.223 [main] INFO  com.zaxxer.hikari.HikariDataSource - HikariPool-1 - Start completed.
22:34:01.255 [main] DEBUG io.micronaut.data.query - Dropping Table: 
DROP TABLE `users`
22:34:01.255 [main] TRACE io.micronaut.data.query - Drop Unsuccessful: Table "USERS" not found; SQL statement:
DROP TABLE `users` [42102-200]
22:34:01.255 [main] DEBUG io.micronaut.data.query - Dropping Table: 
DROP TABLE `refresh_token`
22:34:01.255 [main] TRACE io.micronaut.data.query - Drop Unsuccessful: Table "REFRESH_TOKEN" not found; SQL statement:
DROP TABLE `refresh_token` [42102-200]
22:34:01.270 [main] DEBUG io.micronaut.data.query - Executing CREATE statement: 
CREATE TABLE `users` (`id` BIGINT AUTO_INCREMENT PRIMARY KEY,`username` VARCHAR(255) NOT NULL,`email` VARCHAR(255) NOT NULL,`roles` VARCHAR(255) NOT NULL,`password` VARCHAR(255) NOT NULL,`dateCreated` DATE,`dateUpdated` DATE,`active` BOOLEAN NOT NULL,`disabled` BOOLEAN NOT NULL,`locked` BOOLEAN NOT NULL,`lastTimeLogin` DATE NOT NULL,`lastTimeTryToLogin` DATE NOT NULL,`lastLoginStatus` VARCHAR(255) NOT NULL,`activationCode` VARCHAR(255) NOT NULL);
22:34:01.286 [main] DEBUG io.micronaut.data.query - Executing CREATE statement: 
CREATE TABLE `refresh_token` (`id` BIGINT AUTO_INCREMENT PRIMARY KEY,`username` VARCHAR(255) NOT NULL,`refresh_token` VARCHAR(255) NOT NULL,`revoked` BOOLEAN NOT NULL,`date_created` TIMESTAMP);
22:34:01.896 [main] DEBUG io.micronaut.data.query - Executing SQL Insert: INSERT INTO `users` (`username`,`email`,`roles`,`password`,`dateCreated`,`dateUpdated`,`active`,`disabled`,`locked`,`lastTimeLogin`,`lastTimeTryToLogin`,`lastLoginStatus`,`activationCode`) VALUES (?,?,?,?,?,?,?,?,?,?,?,?,?)
22:34:01.912 [main] TRACE io.micronaut.data.query - Binding parameter at position 1 to value admin with data type: STRING
22:34:01.912 [main] TRACE io.micronaut.data.query - Binding parameter at position 2 to value Hello@gmail.com with data type: STRING
22:34:01.912 [main] TRACE io.micronaut.data.query - Binding parameter at position 3 to value ADMIN_ROLE with data type: STRING
22:34:01.912 [main] TRACE io.micronaut.data.query - Binding parameter at position 4 to value 0sAFCfQ5HrTMTcD8LbDsMXrgvqFfOIfQZR6iO1V2mpOkPDPYrhzdDVs8Khj/BTXM with data type: STRING
22:34:01.912 [main] TRACE io.micronaut.data.query - Binding parameter at position 5 to value Fri Sep 17 22:34:01 AST 2021 with data type: DATE
22:34:01.912 [main] TRACE io.micronaut.data.query - Binding parameter at position 6 to value Fri Sep 17 22:34:01 AST 2021 with data type: DATE
22:34:01.912 [main] TRACE io.micronaut.data.query - Binding parameter at position 7 to value true with data type: BOOLEAN
22:34:01.912 [main] TRACE io.micronaut.data.query - Binding parameter at position 8 to value false with data type: BOOLEAN
22:34:01.912 [main] TRACE io.micronaut.data.query - Binding parameter at position 9 to value false with data type: BOOLEAN
22:34:01.912 [main] TRACE io.micronaut.data.query - Binding parameter at position 10 to value Fri Sep 17 22:34:01 AST 2021 with data type: DATE
22:34:01.912 [main] TRACE io.micronaut.data.query - Binding parameter at position 11 to value Fri Sep 17 22:34:01 AST 2021 with data type: DATE
22:34:01.912 [main] TRACE io.micronaut.data.query - Binding parameter at position 12 to value SUCCEED with data type: STRING
22:34:01.912 [main] TRACE io.micronaut.data.query - Binding parameter at position 13 to value 0000 with data type: STRING
22:34:01.928 [main] DEBUG io.micronaut.data.query - Executing Query: SELECT user_.`id`,user_.`username`,user_.`email`,user_.`roles`,user_.`password`,user_.`dateCreated`,user_.`dateUpdated`,user_.`active`,user_.`disabled`,user_.`locked`,user_.`lastTimeLogin`,user_.`lastTimeTryToLogin`,user_.`lastLoginStatus`,user_.`activationCode` FROM `users` user_ WHERE (user_.`username` = ?)
22:34:01.928 [main] TRACE io.micronaut.data.query - Binding parameter at position 1 to value admin with data type: STRING
22:34:02.644 [main] INFO  io.micronaut.runtime.Micronaut - Startup completed in 14388ms. Server Running: http://localhost:8080
22:41:51.725 [main] INFO  o.h.validator.internal.util.Version - HV000001: Hibernate Validator 6.1.6.Final
22:41:52.172 [main] INFO  com.zaxxer.hikari.HikariDataSource - HikariPool-1 - Starting...
22:41:52.351 [main] INFO  com.zaxxer.hikari.HikariDataSource - HikariPool-1 - Start completed.
22:41:52.367 [main] DEBUG io.micronaut.data.query - Dropping Table: 
DROP TABLE `users`
22:41:52.382 [main] TRACE io.micronaut.data.query - Drop Unsuccessful: Table "USERS" not found; SQL statement:
DROP TABLE `users` [42102-200]
22:41:52.382 [main] DEBUG io.micronaut.data.query - Dropping Table: 
DROP TABLE `refreshTokens`
22:41:52.382 [main] TRACE io.micronaut.data.query - Drop Unsuccessful: Table "REFRESHTOKENS" not found; SQL statement:
DROP TABLE `refreshTokens` [42102-200]
22:41:52.398 [main] DEBUG io.micronaut.data.query - Executing CREATE statement: 
CREATE TABLE `users` (`id` BIGINT AUTO_INCREMENT PRIMARY KEY,`username` VARCHAR(255) NOT NULL,`email` VARCHAR(255) NOT NULL,`roles` VARCHAR(255) NOT NULL,`password` VARCHAR(255) NOT NULL,`dateCreated` DATE,`dateUpdated` DATE,`active` BOOLEAN NOT NULL,`disabled` BOOLEAN NOT NULL,`locked` BOOLEAN NOT NULL,`lastTimeLogin` DATE NOT NULL,`lastTimeTryToLogin` DATE NOT NULL,`lastLoginStatus` VARCHAR(255) NOT NULL,`activationCode` VARCHAR(255) NOT NULL);
22:41:52.398 [main] DEBUG io.micronaut.data.query - Executing CREATE statement: 
CREATE TABLE `refreshTokens` (`id` BIGINT AUTO_INCREMENT PRIMARY KEY,`username` VARCHAR(255) NOT NULL,`refreshToken` VARCHAR(255) NOT NULL,`revoked` BOOLEAN NOT NULL,`dateCreated` TIMESTAMP,`dateUpdated` TIMESTAMP);
22:41:52.986 [main] DEBUG io.micronaut.data.query - Executing SQL Insert: INSERT INTO `users` (`username`,`email`,`roles`,`password`,`dateCreated`,`dateUpdated`,`active`,`disabled`,`locked`,`lastTimeLogin`,`lastTimeTryToLogin`,`lastLoginStatus`,`activationCode`) VALUES (?,?,?,?,?,?,?,?,?,?,?,?,?)
22:41:53.002 [main] TRACE io.micronaut.data.query - Binding parameter at position 1 to value admin with data type: STRING
22:41:53.002 [main] TRACE io.micronaut.data.query - Binding parameter at position 2 to value Hello@gmail.com with data type: STRING
22:41:53.002 [main] TRACE io.micronaut.data.query - Binding parameter at position 3 to value ADMIN_ROLE with data type: STRING
22:41:53.002 [main] TRACE io.micronaut.data.query - Binding parameter at position 4 to value 08sAsl7pEX7/s/rr6QNW5vVrxQj6rMKeLJXHAy4PyPqRiWIXGej3E30JLlSxX+6r with data type: STRING
22:41:53.002 [main] TRACE io.micronaut.data.query - Binding parameter at position 5 to value Fri Sep 17 22:41:53 AST 2021 with data type: DATE
22:41:53.002 [main] TRACE io.micronaut.data.query - Binding parameter at position 6 to value Fri Sep 17 22:41:53 AST 2021 with data type: DATE
22:41:53.002 [main] TRACE io.micronaut.data.query - Binding parameter at position 7 to value true with data type: BOOLEAN
22:41:53.002 [main] TRACE io.micronaut.data.query - Binding parameter at position 8 to value false with data type: BOOLEAN
22:41:53.002 [main] TRACE io.micronaut.data.query - Binding parameter at position 9 to value false with data type: BOOLEAN
22:41:53.002 [main] TRACE io.micronaut.data.query - Binding parameter at position 10 to value Fri Sep 17 22:41:52 AST 2021 with data type: DATE
22:41:53.002 [main] TRACE io.micronaut.data.query - Binding parameter at position 11 to value Fri Sep 17 22:41:52 AST 2021 with data type: DATE
22:41:53.002 [main] TRACE io.micronaut.data.query - Binding parameter at position 12 to value SUCCEED with data type: STRING
22:41:53.002 [main] TRACE io.micronaut.data.query - Binding parameter at position 13 to value 0000 with data type: STRING
22:41:53.018 [main] DEBUG io.micronaut.data.query - Executing Query: SELECT user_.`id`,user_.`username`,user_.`email`,user_.`roles`,user_.`password`,user_.`dateCreated`,user_.`dateUpdated`,user_.`active`,user_.`disabled`,user_.`locked`,user_.`lastTimeLogin`,user_.`lastTimeTryToLogin`,user_.`lastLoginStatus`,user_.`activationCode` FROM `users` user_ WHERE (user_.`username` = ?)
22:41:53.018 [main] TRACE io.micronaut.data.query - Binding parameter at position 1 to value admin with data type: STRING
22:41:53.635 [main] INFO  io.micronaut.runtime.Micronaut - Startup completed in 14201ms. Server Running: http://localhost:8080
23:35:35.525 [HikariPool-1 housekeeper] WARN  com.zaxxer.hikari.pool.HikariPool - HikariPool-1 - Thread starvation or clock leap detected (housekeeper delta=52m13s75ms574µs400ns).
23:36:52.408 [main] INFO  o.h.validator.internal.util.Version - HV000001: Hibernate Validator 6.1.6.Final
23:36:52.871 [main] INFO  com.zaxxer.hikari.HikariDataSource - HikariPool-1 - Starting...
23:36:53.056 [main] INFO  com.zaxxer.hikari.HikariDataSource - HikariPool-1 - Start completed.
23:36:53.087 [main] DEBUG io.micronaut.data.query - Dropping Table: 
DROP TABLE `users`
23:36:53.095 [main] TRACE io.micronaut.data.query - Drop Unsuccessful: Table "USERS" not found; SQL statement:
DROP TABLE `users` [42102-200]
23:36:53.095 [main] DEBUG io.micronaut.data.query - Dropping Table: 
DROP TABLE `refreshTokens`
23:36:53.095 [main] TRACE io.micronaut.data.query - Drop Unsuccessful: Table "REFRESHTOKENS" not found; SQL statement:
DROP TABLE `refreshTokens` [42102-200]
23:36:53.106 [main] DEBUG io.micronaut.data.query - Executing CREATE statement: 
CREATE TABLE `users` (`id` BIGINT AUTO_INCREMENT PRIMARY KEY,`username` VARCHAR(255) NOT NULL,`email` VARCHAR(255) NOT NULL,`roles` VARCHAR(255) NOT NULL,`password` VARCHAR(255) NOT NULL,`dateCreated` DATE,`dateUpdated` DATE,`active` BOOLEAN NOT NULL,`disabled` BOOLEAN NOT NULL,`locked` BOOLEAN NOT NULL,`lastTimeLogin` DATE NOT NULL,`lastTimeTryToLogin` DATE NOT NULL,`lastLoginStatus` VARCHAR(255) NOT NULL,`activationCode` VARCHAR(255) NOT NULL);
23:36:53.114 [main] DEBUG io.micronaut.data.query - Executing CREATE statement: 
CREATE TABLE `refreshTokens` (`id` BIGINT AUTO_INCREMENT PRIMARY KEY,`username` VARCHAR(255) NOT NULL,`refreshToken` VARCHAR(255) NOT NULL,`revoked` BOOLEAN NOT NULL,`dateCreated` TIMESTAMP,`dateUpdated` TIMESTAMP);
23:36:53.693 [main] DEBUG io.micronaut.data.query - Executing SQL Insert: INSERT INTO `users` (`username`,`email`,`roles`,`password`,`dateCreated`,`dateUpdated`,`active`,`disabled`,`locked`,`lastTimeLogin`,`lastTimeTryToLogin`,`lastLoginStatus`,`activationCode`) VALUES (?,?,?,?,?,?,?,?,?,?,?,?,?)
23:36:53.693 [main] TRACE io.micronaut.data.query - Binding parameter at position 1 to value admin with data type: STRING
23:36:53.709 [main] TRACE io.micronaut.data.query - Binding parameter at position 2 to value Hello@gmail.com with data type: STRING
23:36:53.709 [main] TRACE io.micronaut.data.query - Binding parameter at position 3 to value ADMIN_ROLE with data type: STRING
23:36:53.709 [main] TRACE io.micronaut.data.query - Binding parameter at position 4 to value 9Cl7418akhUj6LycejsrJrKzjhFFmyhvh4XR/oeo1ZqQuP/rcTprZVv+PID/ZATs with data type: STRING
23:36:53.709 [main] TRACE io.micronaut.data.query - Binding parameter at position 5 to value Fri Sep 17 23:36:53 AST 2021 with data type: DATE
23:36:53.724 [main] TRACE io.micronaut.data.query - Binding parameter at position 6 to value Fri Sep 17 23:36:53 AST 2021 with data type: DATE
23:36:53.724 [main] TRACE io.micronaut.data.query - Binding parameter at position 7 to value true with data type: BOOLEAN
23:36:53.724 [main] TRACE io.micronaut.data.query - Binding parameter at position 8 to value false with data type: BOOLEAN
23:36:53.724 [main] TRACE io.micronaut.data.query - Binding parameter at position 9 to value false with data type: BOOLEAN
23:36:53.724 [main] TRACE io.micronaut.data.query - Binding parameter at position 10 to value Fri Sep 17 23:36:53 AST 2021 with data type: DATE
23:36:53.724 [main] TRACE io.micronaut.data.query - Binding parameter at position 11 to value Fri Sep 17 23:36:53 AST 2021 with data type: DATE
23:36:53.724 [main] TRACE io.micronaut.data.query - Binding parameter at position 12 to value SUCCEED with data type: STRING
23:36:53.724 [main] TRACE io.micronaut.data.query - Binding parameter at position 13 to value 0000 with data type: STRING
23:36:53.740 [main] DEBUG io.micronaut.data.query - Executing Query: SELECT user_.`id`,user_.`username`,user_.`email`,user_.`roles`,user_.`password`,user_.`dateCreated`,user_.`dateUpdated`,user_.`active`,user_.`disabled`,user_.`locked`,user_.`lastTimeLogin`,user_.`lastTimeTryToLogin`,user_.`lastLoginStatus`,user_.`activationCode` FROM `users` user_ WHERE (user_.`username` = ?)
23:36:53.740 [main] TRACE io.micronaut.data.query - Binding parameter at position 1 to value admin with data type: STRING
23:36:54.380 [main] INFO  io.micronaut.runtime.Micronaut - Startup completed in 14337ms. Server Running: http://localhost:8080
23:37:16.068 [default-nioEventLoopGroup-1-3] INFO  i.h.s.AuthenticationProviderUserPassword - Trying to login with :admin
23:37:16.074 [default-nioEventLoopGroup-1-3] DEBUG io.micronaut.data.query - Executing Query: SELECT user_.`id` FROM `users` user_ WHERE (user_.`username` = ?)
23:37:16.074 [default-nioEventLoopGroup-1-3] TRACE io.micronaut.data.query - Binding parameter at position 1 to value admin with data type: STRING
23:37:16.075 [default-nioEventLoopGroup-1-3] DEBUG io.micronaut.data.query - Executing Query: SELECT user_.`id`,user_.`username`,user_.`email`,user_.`roles`,user_.`password`,user_.`dateCreated`,user_.`dateUpdated`,user_.`active`,user_.`disabled`,user_.`locked`,user_.`lastTimeLogin`,user_.`lastTimeTryToLogin`,user_.`lastLoginStatus`,user_.`activationCode` FROM `users` user_ WHERE (user_.`username` = ?)
23:37:16.075 [default-nioEventLoopGroup-1-3] TRACE io.micronaut.data.query - Binding parameter at position 1 to value admin with data type: STRING
23:37:16.204 [default-nioEventLoopGroup-1-3] DEBUG io.micronaut.data.query - Executing Query: DELETE  FROM `refreshTokens`  WHERE (`username` = ?)
23:37:16.205 [default-nioEventLoopGroup-1-3] TRACE io.micronaut.data.query - Binding parameter at position 1 to value admin with data type: STRING
23:37:16.206 [default-nioEventLoopGroup-1-3] TRACE io.micronaut.data.query - Update operation updated 0 records
23:37:16.284 [default-nioEventLoopGroup-1-3] INFO  i.h.s.s.CustomRefreshTokenPersistence - Persist Token by admin
23:37:16.287 [default-nioEventLoopGroup-1-3] DEBUG io.micronaut.data.query - Executing SQL Insert: INSERT INTO `refreshTokens` (`username`,`refreshToken`,`revoked`,`dateCreated`,`dateUpdated`) VALUES (?,?,?,?,?)
23:37:16.288 [default-nioEventLoopGroup-1-3] TRACE io.micronaut.data.query - Binding parameter at position 1 to value admin with data type: STRING
23:37:16.288 [default-nioEventLoopGroup-1-3] TRACE io.micronaut.data.query - Binding parameter at position 2 to value 03b5e60b-9596-4dd7-ba67-53b9329028ec with data type: STRING
23:37:16.289 [default-nioEventLoopGroup-1-3] TRACE io.micronaut.data.query - Binding parameter at position 3 to value false with data type: BOOLEAN
23:37:16.289 [default-nioEventLoopGroup-1-3] TRACE io.micronaut.data.query - Binding parameter at position 4 to value 2021-09-17T20:37:16.288570500Z with data type: TIMESTAMP
23:37:16.291 [default-nioEventLoopGroup-1-3] TRACE io.micronaut.data.query - Binding parameter at position 5 to value 2021-09-17T20:37:16.288570500Z with data type: TIMESTAMP
23:37:16.353 [default-nioEventLoopGroup-1-3] INFO  i.h.s.AuthenticationProviderUserPassword - Username admin logged in successfully
23:37:23.671 [default-nioEventLoopGroup-1-3] INFO  i.h.s.s.CustomRefreshTokenPersistence - Get Authentication by refreshToken:b23656b0-f4be-4bda-95ad-13aff99d474a
23:37:23.674 [default-nioEventLoopGroup-1-3] DEBUG io.micronaut.data.query - Executing Query: SELECT refresh_token_.`id`,refresh_token_.`username`,refresh_token_.`refreshToken`,refresh_token_.`revoked`,refresh_token_.`dateCreated`,refresh_token_.`dateUpdated` FROM `refreshTokens` refresh_token_ WHERE (refresh_token_.`refreshToken` = ?)
23:37:23.675 [default-nioEventLoopGroup-1-3] TRACE io.micronaut.data.query - Binding parameter at position 1 to value b23656b0-f4be-4bda-95ad-13aff99d474a with data type: STRING
23:37:53.017 [default-nioEventLoopGroup-1-5] INFO  i.h.s.s.CustomRefreshTokenPersistence - Get Authentication by refreshToken:03b5e60b-9596-4dd7-ba67-53b9329028ec
23:37:53.018 [default-nioEventLoopGroup-1-5] DEBUG io.micronaut.data.query - Executing Query: SELECT refresh_token_.`id`,refresh_token_.`username`,refresh_token_.`refreshToken`,refresh_token_.`revoked`,refresh_token_.`dateCreated`,refresh_token_.`dateUpdated` FROM `refreshTokens` refresh_token_ WHERE (refresh_token_.`refreshToken` = ?)
23:37:53.018 [default-nioEventLoopGroup-1-5] TRACE io.micronaut.data.query - Binding parameter at position 1 to value 03b5e60b-9596-4dd7-ba67-53b9329028ec with data type: STRING
23:37:54.100 [default-nioEventLoopGroup-1-7] INFO  i.h.s.s.CustomRefreshTokenPersistence - Get Authentication by refreshToken:03b5e60b-9596-4dd7-ba67-53b9329028ec
23:37:54.100 [default-nioEventLoopGroup-1-7] DEBUG io.micronaut.data.query - Executing Query: SELECT refresh_token_.`id`,refresh_token_.`username`,refresh_token_.`refreshToken`,refresh_token_.`revoked`,refresh_token_.`dateCreated`,refresh_token_.`dateUpdated` FROM `refreshTokens` refresh_token_ WHERE (refresh_token_.`refreshToken` = ?)
23:37:54.101 [default-nioEventLoopGroup-1-7] TRACE io.micronaut.data.query - Binding parameter at position 1 to value 03b5e60b-9596-4dd7-ba67-53b9329028ec with data type: STRING
23:37:54.811 [default-nioEventLoopGroup-1-9] INFO  i.h.s.s.CustomRefreshTokenPersistence - Get Authentication by refreshToken:03b5e60b-9596-4dd7-ba67-53b9329028ec
23:37:54.812 [default-nioEventLoopGroup-1-9] DEBUG io.micronaut.data.query - Executing Query: SELECT refresh_token_.`id`,refresh_token_.`username`,refresh_token_.`refreshToken`,refresh_token_.`revoked`,refresh_token_.`dateCreated`,refresh_token_.`dateUpdated` FROM `refreshTokens` refresh_token_ WHERE (refresh_token_.`refreshToken` = ?)
23:37:54.812 [default-nioEventLoopGroup-1-9] TRACE io.micronaut.data.query - Binding parameter at position 1 to value 03b5e60b-9596-4dd7-ba67-53b9329028ec with data type: STRING
23:37:55.770 [default-nioEventLoopGroup-1-11] INFO  i.h.s.s.CustomRefreshTokenPersistence - Get Authentication by refreshToken:03b5e60b-9596-4dd7-ba67-53b9329028ec
23:37:55.771 [default-nioEventLoopGroup-1-11] DEBUG io.micronaut.data.query - Executing Query: SELECT refresh_token_.`id`,refresh_token_.`username`,refresh_token_.`refreshToken`,refresh_token_.`revoked`,refresh_token_.`dateCreated`,refresh_token_.`dateUpdated` FROM `refreshTokens` refresh_token_ WHERE (refresh_token_.`refreshToken` = ?)
23:37:55.771 [default-nioEventLoopGroup-1-11] TRACE io.micronaut.data.query - Binding parameter at position 1 to value 03b5e60b-9596-4dd7-ba67-53b9329028ec with data type: STRING
23:37:56.735 [default-nioEventLoopGroup-1-13] INFO  i.h.s.s.CustomRefreshTokenPersistence - Get Authentication by refreshToken:03b5e60b-9596-4dd7-ba67-53b9329028ec
23:37:56.736 [default-nioEventLoopGroup-1-13] DEBUG io.micronaut.data.query - Executing Query: SELECT refresh_token_.`id`,refresh_token_.`username`,refresh_token_.`refreshToken`,refresh_token_.`revoked`,refresh_token_.`dateCreated`,refresh_token_.`dateUpdated` FROM `refreshTokens` refresh_token_ WHERE (refresh_token_.`refreshToken` = ?)
23:37:56.736 [default-nioEventLoopGroup-1-13] TRACE io.micronaut.data.query - Binding parameter at position 1 to value 03b5e60b-9596-4dd7-ba67-53b9329028ec with data type: STRING
23:37:57.518 [default-nioEventLoopGroup-1-15] INFO  i.h.s.s.CustomRefreshTokenPersistence - Get Authentication by refreshToken:03b5e60b-9596-4dd7-ba67-53b9329028ec
23:37:57.518 [default-nioEventLoopGroup-1-15] DEBUG io.micronaut.data.query - Executing Query: SELECT refresh_token_.`id`,refresh_token_.`username`,refresh_token_.`refreshToken`,refresh_token_.`revoked`,refresh_token_.`dateCreated`,refresh_token_.`dateUpdated` FROM `refreshTokens` refresh_token_ WHERE (refresh_token_.`refreshToken` = ?)
23:37:57.518 [default-nioEventLoopGroup-1-15] TRACE io.micronaut.data.query - Binding parameter at position 1 to value 03b5e60b-9596-4dd7-ba67-53b9329028ec with data type: STRING
23:37:58.378 [default-nioEventLoopGroup-1-17] INFO  i.h.s.s.CustomRefreshTokenPersistence - Get Authentication by refreshToken:03b5e60b-9596-4dd7-ba67-53b9329028ec
23:37:58.379 [default-nioEventLoopGroup-1-17] DEBUG io.micronaut.data.query - Executing Query: SELECT refresh_token_.`id`,refresh_token_.`username`,refresh_token_.`refreshToken`,refresh_token_.`revoked`,refresh_token_.`dateCreated`,refresh_token_.`dateUpdated` FROM `refreshTokens` refresh_token_ WHERE (refresh_token_.`refreshToken` = ?)
23:37:58.379 [default-nioEventLoopGroup-1-17] TRACE io.micronaut.data.query - Binding parameter at position 1 to value 03b5e60b-9596-4dd7-ba67-53b9329028ec with data type: STRING
00:34:27.507 [main] INFO  o.h.validator.internal.util.Version - HV000001: Hibernate Validator 6.1.6.Final
00:34:28.156 [main] INFO  com.zaxxer.hikari.HikariDataSource - HikariPool-1 - Starting...
00:34:28.380 [main] INFO  com.zaxxer.hikari.HikariDataSource - HikariPool-1 - Start completed.
00:34:28.410 [main] DEBUG io.micronaut.data.query - Dropping Table: 
DROP TABLE `users`
00:34:28.418 [main] TRACE io.micronaut.data.query - Drop Unsuccessful: Table "USERS" not found; SQL statement:
DROP TABLE `users` [42102-200]
00:34:28.418 [main] DEBUG io.micronaut.data.query - Dropping Table: 
DROP TABLE `refreshTokens`
00:34:28.418 [main] TRACE io.micronaut.data.query - Drop Unsuccessful: Table "REFRESHTOKENS" not found; SQL statement:
DROP TABLE `refreshTokens` [42102-200]
00:34:28.430 [main] DEBUG io.micronaut.data.query - Executing CREATE statement: 
CREATE TABLE `users` (`id` BIGINT AUTO_INCREMENT PRIMARY KEY,`username` VARCHAR(255) NOT NULL,`email` VARCHAR(255) NOT NULL,`roles` VARCHAR(255) NOT NULL,`password` VARCHAR(255) NOT NULL,`dateCreated` TIMESTAMP,`dateUpdated` TIMESTAMP,`active` BOOLEAN NOT NULL,`disabled` BOOLEAN NOT NULL,`locked` BOOLEAN NOT NULL,`lastTimeLogin` TIMESTAMP NOT NULL,`lastTimeTryToLogin` TIMESTAMP NOT NULL,`lastLoginStatus` VARCHAR(255) NOT NULL,`activationCode` VARCHAR(255) NOT NULL);
00:34:28.438 [main] DEBUG io.micronaut.data.query - Executing CREATE statement: 
CREATE TABLE `refreshTokens` (`id` BIGINT AUTO_INCREMENT PRIMARY KEY,`username` VARCHAR(255) NOT NULL,`refreshToken` VARCHAR(255) NOT NULL,`revoked` BOOLEAN NOT NULL,`dateCreated` TIMESTAMP,`dateUpdated` TIMESTAMP);
00:34:29.092 [main] DEBUG io.micronaut.data.query - Executing SQL Insert: INSERT INTO `users` (`username`,`email`,`roles`,`password`,`dateCreated`,`dateUpdated`,`active`,`disabled`,`locked`,`lastTimeLogin`,`lastTimeTryToLogin`,`lastLoginStatus`,`activationCode`) VALUES (?,?,?,?,?,?,?,?,?,?,?,?,?)
00:34:29.108 [main] TRACE io.micronaut.data.query - Binding parameter at position 1 to value admin with data type: STRING
00:34:29.108 [main] TRACE io.micronaut.data.query - Binding parameter at position 2 to value Hello@gmail.com with data type: STRING
00:34:29.108 [main] TRACE io.micronaut.data.query - Binding parameter at position 3 to value ADMIN_ROLE with data type: STRING
00:34:29.108 [main] TRACE io.micronaut.data.query - Binding parameter at position 4 to value OySqTuP+iv/t3MalhIOdRfdGXJ5QnES5U014mXuEYmsYdJ1qqmb1rofokcsxLXMq with data type: STRING
00:34:29.108 [main] TRACE io.micronaut.data.query - Binding parameter at position 5 to value 2021-09-17T21:34:29.108191800Z with data type: TIMESTAMP
00:34:29.108 [main] TRACE io.micronaut.data.query - Binding parameter at position 6 to value 2021-09-17T21:34:29.108191800Z with data type: TIMESTAMP
00:34:29.108 [main] TRACE io.micronaut.data.query - Binding parameter at position 7 to value true with data type: BOOLEAN
00:34:29.108 [main] TRACE io.micronaut.data.query - Binding parameter at position 8 to value false with data type: BOOLEAN
00:34:29.108 [main] TRACE io.micronaut.data.query - Binding parameter at position 9 to value false with data type: BOOLEAN
00:34:29.108 [main] TRACE io.micronaut.data.query - Binding parameter at position 10 to value 2021-09-17T21:34:28.591628400Z with data type: TIMESTAMP
00:34:29.108 [main] TRACE io.micronaut.data.query - Binding parameter at position 11 to value 2021-09-17T21:34:28.591628400Z with data type: TIMESTAMP
00:34:29.108 [main] TRACE io.micronaut.data.query - Binding parameter at position 12 to value SUCCEED with data type: STRING
00:34:29.108 [main] TRACE io.micronaut.data.query - Binding parameter at position 13 to value 0000 with data type: STRING
00:34:29.123 [main] DEBUG io.micronaut.data.query - Executing Query: SELECT user_.`id`,user_.`username`,user_.`email`,user_.`roles`,user_.`password`,user_.`dateCreated`,user_.`dateUpdated`,user_.`active`,user_.`disabled`,user_.`locked`,user_.`lastTimeLogin`,user_.`lastTimeTryToLogin`,user_.`lastLoginStatus`,user_.`activationCode` FROM `users` user_ WHERE (user_.`username` = ?)
00:34:29.123 [main] TRACE io.micronaut.data.query - Binding parameter at position 1 to value admin with data type: STRING
00:34:29.809 [main] INFO  io.micronaut.runtime.Micronaut - Startup completed in 14500ms. Server Running: http://localhost:8080
00:34:34.560 [default-nioEventLoopGroup-1-3] INFO  i.h.s.s.CustomRefreshTokenPersistence - Get Authentication by refreshToken:a9c46ff9-1a7e-4065-a42c-d2617fc29970
00:34:34.589 [default-nioEventLoopGroup-1-3] DEBUG io.micronaut.data.query - Executing Query: SELECT refresh_token_.`id`,refresh_token_.`username`,refresh_token_.`refreshToken`,refresh_token_.`revoked`,refresh_token_.`dateCreated`,refresh_token_.`dateUpdated` FROM `refreshTokens` refresh_token_ WHERE (refresh_token_.`refreshToken` = ?)
00:34:34.589 [default-nioEventLoopGroup-1-3] TRACE io.micronaut.data.query - Binding parameter at position 1 to value a9c46ff9-1a7e-4065-a42c-d2617fc29970 with data type: STRING
00:34:37.541 [default-nioEventLoopGroup-1-5] INFO  i.h.s.AuthenticationProviderUserPassword - Trying to login with :admin
00:34:37.545 [default-nioEventLoopGroup-1-5] DEBUG io.micronaut.data.query - Executing Query: SELECT user_.`id` FROM `users` user_ WHERE (user_.`username` = ?)
00:34:37.546 [default-nioEventLoopGroup-1-5] TRACE io.micronaut.data.query - Binding parameter at position 1 to value admin with data type: STRING
00:34:37.546 [default-nioEventLoopGroup-1-5] DEBUG io.micronaut.data.query - Executing Query: SELECT user_.`id`,user_.`username`,user_.`email`,user_.`roles`,user_.`password`,user_.`dateCreated`,user_.`dateUpdated`,user_.`active`,user_.`disabled`,user_.`locked`,user_.`lastTimeLogin`,user_.`lastTimeTryToLogin`,user_.`lastLoginStatus`,user_.`activationCode` FROM `users` user_ WHERE (user_.`username` = ?)
00:34:37.547 [default-nioEventLoopGroup-1-5] TRACE io.micronaut.data.query - Binding parameter at position 1 to value admin with data type: STRING
00:34:37.634 [default-nioEventLoopGroup-1-5] DEBUG io.micronaut.data.query - Executing Query: DELETE  FROM `refreshTokens`  WHERE (`username` = ?)
00:34:37.635 [default-nioEventLoopGroup-1-5] TRACE io.micronaut.data.query - Binding parameter at position 1 to value admin with data type: STRING
00:34:37.636 [default-nioEventLoopGroup-1-5] TRACE io.micronaut.data.query - Update operation updated 0 records
00:34:37.640 [default-nioEventLoopGroup-1-5] INFO  i.h.s.s.CustomRefreshTokenPersistence - Persist Token by admin
00:34:37.645 [default-nioEventLoopGroup-1-5] DEBUG io.micronaut.data.query - Executing SQL Insert: INSERT INTO `refreshTokens` (`username`,`refreshToken`,`revoked`,`dateCreated`,`dateUpdated`) VALUES (?,?,?,?,?)
00:34:37.646 [default-nioEventLoopGroup-1-5] TRACE io.micronaut.data.query - Binding parameter at position 1 to value admin with data type: STRING
00:34:37.647 [default-nioEventLoopGroup-1-5] TRACE io.micronaut.data.query - Binding parameter at position 2 to value e5629490-5b05-456c-9841-9051b0d455fe with data type: STRING
00:34:37.647 [default-nioEventLoopGroup-1-5] TRACE io.micronaut.data.query - Binding parameter at position 3 to value false with data type: BOOLEAN
00:34:37.647 [default-nioEventLoopGroup-1-5] TRACE io.micronaut.data.query - Binding parameter at position 4 to value 2021-09-17T21:34:37.646539600Z with data type: TIMESTAMP
00:34:37.647 [default-nioEventLoopGroup-1-5] TRACE io.micronaut.data.query - Binding parameter at position 5 to value 2021-09-17T21:34:37.646539600Z with data type: TIMESTAMP
00:34:37.678 [default-nioEventLoopGroup-1-5] INFO  i.h.s.AuthenticationProviderUserPassword - Username admin logged in successfully
00:34:51.149 [default-nioEventLoopGroup-1-5] INFO  i.h.s.s.CustomRefreshTokenPersistence - Get Authentication by refreshToken:e5629490-5b05-456c-9841-9051b0d455fe
00:34:51.150 [default-nioEventLoopGroup-1-5] DEBUG io.micronaut.data.query - Executing Query: SELECT refresh_token_.`id`,refresh_token_.`username`,refresh_token_.`refreshToken`,refresh_token_.`revoked`,refresh_token_.`dateCreated`,refresh_token_.`dateUpdated` FROM `refreshTokens` refresh_token_ WHERE (refresh_token_.`refreshToken` = ?)
00:34:51.150 [default-nioEventLoopGroup-1-5] TRACE io.micronaut.data.query - Binding parameter at position 1 to value e5629490-5b05-456c-9841-9051b0d455fe with data type: STRING
00:34:52.323 [default-nioEventLoopGroup-1-7] INFO  i.h.s.s.CustomRefreshTokenPersistence - Get Authentication by refreshToken:e5629490-5b05-456c-9841-9051b0d455fe
00:34:52.324 [default-nioEventLoopGroup-1-7] DEBUG io.micronaut.data.query - Executing Query: SELECT refresh_token_.`id`,refresh_token_.`username`,refresh_token_.`refreshToken`,refresh_token_.`revoked`,refresh_token_.`dateCreated`,refresh_token_.`dateUpdated` FROM `refreshTokens` refresh_token_ WHERE (refresh_token_.`refreshToken` = ?)
00:34:52.324 [default-nioEventLoopGroup-1-7] TRACE io.micronaut.data.query - Binding parameter at position 1 to value e5629490-5b05-456c-9841-9051b0d455fe with data type: STRING
01:12:04.159 [default-nioEventLoopGroup-1-9] INFO  i.h.s.s.CustomRefreshTokenPersistence - Get Authentication by refreshToken:e5629490-5b05-456c-9841-9051b0d455fe
01:12:04.160 [default-nioEventLoopGroup-1-9] DEBUG io.micronaut.data.query - Executing Query: SELECT refresh_token_.`id`,refresh_token_.`username`,refresh_token_.`refreshToken`,refresh_token_.`revoked`,refresh_token_.`dateCreated`,refresh_token_.`dateUpdated` FROM `refreshTokens` refresh_token_ WHERE (refresh_token_.`refreshToken` = ?)
01:12:04.160 [default-nioEventLoopGroup-1-9] TRACE io.micronaut.data.query - Binding parameter at position 1 to value e5629490-5b05-456c-9841-9051b0d455fe with data type: STRING
15:04:39.323 [main] INFO  o.h.validator.internal.util.Version - HV000001: Hibernate Validator 6.1.6.Final
15:04:39.940 [main] INFO  com.zaxxer.hikari.HikariDataSource - HikariPool-1 - Starting...
15:04:40.220 [main] INFO  com.zaxxer.hikari.HikariDataSource - HikariPool-1 - Start completed.
15:04:40.248 [main] DEBUG io.micronaut.data.query - Dropping Table: 
DROP TABLE `users`
15:04:40.262 [main] TRACE io.micronaut.data.query - Drop Unsuccessful: Table "USERS" not found; SQL statement:
DROP TABLE `users` [42102-200]
15:04:40.263 [main] DEBUG io.micronaut.data.query - Dropping Table: 
DROP TABLE `refreshTokens`
15:04:40.263 [main] TRACE io.micronaut.data.query - Drop Unsuccessful: Table "REFRESHTOKENS" not found; SQL statement:
DROP TABLE `refreshTokens` [42102-200]
15:04:40.269 [main] DEBUG io.micronaut.data.query - Executing CREATE statement: 
CREATE TABLE `users` (`id` BIGINT AUTO_INCREMENT PRIMARY KEY,`username` VARCHAR(255) NOT NULL,`email` VARCHAR(255) NOT NULL,`roles` VARCHAR(255) NOT NULL,`password` VARCHAR(255) NOT NULL,`dateCreated` TIMESTAMP,`dateUpdated` TIMESTAMP,`active` BOOLEAN NOT NULL,`disabled` BOOLEAN NOT NULL,`locked` BOOLEAN NOT NULL,`lastTimeLogin` TIMESTAMP NOT NULL,`lastTimeTryToLogin` TIMESTAMP NOT NULL,`lastLoginStatus` VARCHAR(255) NOT NULL,`activationCode` VARCHAR(255) NOT NULL);
15:04:40.279 [main] DEBUG io.micronaut.data.query - Executing CREATE statement: 
CREATE TABLE `refreshTokens` (`id` BIGINT AUTO_INCREMENT PRIMARY KEY,`username` VARCHAR(255) NOT NULL,`refreshToken` VARCHAR(255) NOT NULL,`revoked` BOOLEAN NOT NULL,`dateCreated` TIMESTAMP,`dateUpdated` TIMESTAMP);
15:04:41.086 [main] DEBUG io.micronaut.data.query - Executing SQL Insert: INSERT INTO `users` (`username`,`email`,`roles`,`password`,`dateCreated`,`dateUpdated`,`active`,`disabled`,`locked`,`lastTimeLogin`,`lastTimeTryToLogin`,`lastLoginStatus`,`activationCode`) VALUES (?,?,?,?,?,?,?,?,?,?,?,?,?)
15:04:41.095 [main] TRACE io.micronaut.data.query - Binding parameter at position 1 to value admin with data type: STRING
15:04:41.096 [main] TRACE io.micronaut.data.query - Binding parameter at position 2 to value Hello@gmail.com with data type: STRING
15:04:41.096 [main] TRACE io.micronaut.data.query - Binding parameter at position 3 to value ADMIN_ROLE with data type: STRING
15:04:41.096 [main] TRACE io.micronaut.data.query - Binding parameter at position 4 to value a+I3gQH27atcX0tjuLJQBBH8L2gr1CQ1r/lLaqnj/HLPJCb7YMsJUWNyxs+PElMk with data type: STRING
15:04:41.096 [main] TRACE io.micronaut.data.query - Binding parameter at position 5 to value 2021-09-18T12:04:41.091009300Z with data type: TIMESTAMP
15:04:41.102 [main] TRACE io.micronaut.data.query - Binding parameter at position 6 to value 2021-09-18T12:04:41.091009300Z with data type: TIMESTAMP
15:04:41.102 [main] TRACE io.micronaut.data.query - Binding parameter at position 7 to value true with data type: BOOLEAN
15:04:41.102 [main] TRACE io.micronaut.data.query - Binding parameter at position 8 to value false with data type: BOOLEAN
15:04:41.102 [main] TRACE io.micronaut.data.query - Binding parameter at position 9 to value false with data type: BOOLEAN
15:04:41.102 [main] TRACE io.micronaut.data.query - Binding parameter at position 10 to value 2021-09-18T12:04:40.471856300Z with data type: TIMESTAMP
15:04:41.102 [main] TRACE io.micronaut.data.query - Binding parameter at position 11 to value 2021-09-18T12:04:40.471856300Z with data type: TIMESTAMP
15:04:41.103 [main] TRACE io.micronaut.data.query - Binding parameter at position 12 to value SUCCEED with data type: STRING
15:04:41.103 [main] TRACE io.micronaut.data.query - Binding parameter at position 13 to value 0000 with data type: STRING
15:04:41.117 [main] DEBUG io.micronaut.data.query - Executing Query: SELECT user_.`id`,user_.`username`,user_.`email`,user_.`roles`,user_.`password`,user_.`dateCreated`,user_.`dateUpdated`,user_.`active`,user_.`disabled`,user_.`locked`,user_.`lastTimeLogin`,user_.`lastTimeTryToLogin`,user_.`lastLoginStatus`,user_.`activationCode` FROM `users` user_ WHERE (user_.`username` = ?)
15:04:41.119 [main] TRACE io.micronaut.data.query - Binding parameter at position 1 to value admin with data type: STRING
15:04:41.957 [main] INFO  io.micronaut.runtime.Micronaut - Startup completed in 15596ms. Server Running: http://localhost:8080
15:04:42.795 [default-nioEventLoopGroup-1-3] ERROR i.m.http.server.RouteExecutor - Unexpected error occurred: No reactive transaction management has been configured. Ensure you have correctly configured a reactive capable transaction manager
io.micronaut.context.exceptions.ConfigurationException: No reactive transaction management has been configured. Ensure you have correctly configured a reactive capable transaction manager
	at io.micronaut.transaction.interceptor.TransactionalInterceptor.lambda$intercept$0(TransactionalInterceptor.java:103)
	at java.base/java.util.concurrent.ConcurrentHashMap.computeIfAbsent(ConcurrentHashMap.java:1705)
	at io.micronaut.transaction.interceptor.TransactionalInterceptor.intercept(TransactionalInterceptor.java:96)
	at io.micronaut.aop.chain.MethodInterceptorChain.proceed(MethodInterceptorChain.java:137)
	at io.hashimati.security.$AuthenticationProviderUserPassword$Definition$Intercepted.authenticate(Unknown Source)
	at io.micronaut.security.authentication.Authenticator.lambda$authenticate$5(Authenticator.java:100)
	at java.base/java.util.stream.ReferencePipeline$3$1.accept(ReferencePipeline.java:195)
	at java.base/java.util.ArrayList$ArrayListSpliterator.forEachRemaining(ArrayList.java:1655)
	at java.base/java.util.stream.AbstractPipeline.copyInto(AbstractPipeline.java:484)
	at java.base/java.util.stream.AbstractPipeline.wrapAndCopyInto(AbstractPipeline.java:474)
	at java.base/java.util.stream.ReduceOps$ReduceOp.evaluateSequential(ReduceOps.java:913)
	at java.base/java.util.stream.AbstractPipeline.evaluate(AbstractPipeline.java:234)
	at java.base/java.util.stream.ReferencePipeline.collect(ReferencePipeline.java:578)
	at io.micronaut.security.authentication.Authenticator.authenticate(Authenticator.java:111)
	at io.micronaut.security.endpoints.LoginController.login(LoginController.java:87)
	at io.micronaut.security.endpoints.$LoginController$Definition$Intercepted.$$access$$login(Unknown Source)
	at io.micronaut.security.endpoints.$LoginController$Definition$Exec.dispatch(Unknown Source)
	at io.micronaut.context.AbstractExecutableMethodsDefinition$DispatchedExecutableMethod.invoke(AbstractExecutableMethodsDefinition.java:338)
	at io.micronaut.aop.chain.MethodInterceptorChain.proceed(MethodInterceptorChain.java:128)
	at io.micronaut.validation.ValidatingInterceptor.validateReturnExecutableValidator(ValidatingInterceptor.java:153)
	at io.micronaut.validation.ValidatingInterceptor.intercept(ValidatingInterceptor.java:101)
	at io.micronaut.aop.chain.MethodInterceptorChain.proceed(MethodInterceptorChain.java:137)
	at io.micronaut.security.endpoints.$LoginController$Definition$Intercepted.login(Unknown Source)
	at io.micronaut.security.endpoints.$LoginController$Definition$Exec.dispatch(Unknown Source)
	at io.micronaut.context.AbstractExecutableMethodsDefinition$DispatchedExecutableMethod.invoke(AbstractExecutableMethodsDefinition.java:338)
	at io.micronaut.context.DefaultBeanContext$4.invoke(DefaultBeanContext.java:503)
	at io.micronaut.web.router.AbstractRouteMatch.execute(AbstractRouteMatch.java:303)
	at io.micronaut.web.router.RouteMatch.execute(RouteMatch.java:111)
	at io.micronaut.http.server.RouteExecutor.lambda$executeRoute$15(RouteExecutor.java:605)
	at reactor.core.publisher.FluxDefer.subscribe(FluxDefer.java:46)
	at reactor.core.publisher.Flux.subscribe(Flux.java:8402)
	at reactor.core.publisher.FluxFlatMap$FlatMapMain.onNext(FluxFlatMap.java:426)
	at reactor.core.publisher.MonoCreate$DefaultMonoSink.success(MonoCreate.java:160)
	at io.micronaut.http.server.netty.RoutingInBoundHandler$4.doOnComplete(RoutingInBoundHandler.java:881)
	at io.micronaut.core.async.subscriber.CompletionAwareSubscriber.onComplete(CompletionAwareSubscriber.java:71)
	at io.micronaut.http.server.netty.jackson.JsonContentProcessor$1.doOnComplete(JsonContentProcessor.java:140)
	at io.micronaut.core.async.subscriber.CompletionAwareSubscriber.onComplete(CompletionAwareSubscriber.java:71)
	at java.base/java.util.Optional.ifPresent(Optional.java:183)
	at io.micronaut.core.async.processor.SingleThreadedBufferingProcessor.doOnComplete(SingleThreadedBufferingProcessor.java:48)
	at io.micronaut.jackson.parser.JacksonProcessor.doOnComplete(JacksonProcessor.java:139)
	at io.micronaut.core.async.subscriber.SingleThreadedBufferingSubscriber.onComplete(SingleThreadedBufferingSubscriber.java:70)
	at io.micronaut.http.server.netty.jackson.JsonContentProcessor.doOnComplete(JsonContentProcessor.java:165)
	at io.micronaut.core.async.subscriber.CompletionAwareSubscriber.onComplete(CompletionAwareSubscriber.java:71)
	at io.micronaut.http.netty.reactive.HandlerPublisher.complete(HandlerPublisher.java:416)
	at io.micronaut.http.netty.reactive.HandlerPublisher.handlerRemoved(HandlerPublisher.java:403)
	at io.netty.channel.AbstractChannelHandlerContext.callHandlerRemoved(AbstractChannelHandlerContext.java:946)
	at io.netty.channel.DefaultChannelPipeline.callHandlerRemoved0(DefaultChannelPipeline.java:637)
	at io.netty.channel.DefaultChannelPipeline.remove(DefaultChannelPipeline.java:477)
	at io.netty.channel.DefaultChannelPipeline.remove(DefaultChannelPipeline.java:423)
	at io.micronaut.http.netty.stream.HttpStreamsHandler.removeHandlerIfActive(HttpStreamsHandler.java:452)
	at io.micronaut.http.netty.stream.HttpStreamsHandler.handleReadHttpContent(HttpStreamsHandler.java:306)
	at io.micronaut.http.netty.stream.HttpStreamsHandler.channelRead(HttpStreamsHandler.java:269)
	at io.micronaut.http.netty.stream.HttpStreamsServerHandler.channelRead(HttpStreamsServerHandler.java:123)
	at io.netty.channel.AbstractChannelHandlerContext.invokeChannelRead(AbstractChannelHandlerContext.java:379)
	at io.netty.channel.AbstractChannelHandlerContext.invokeChannelRead(AbstractChannelHandlerContext.java:365)
	at io.netty.channel.AbstractChannelHandlerContext.fireChannelRead(AbstractChannelHandlerContext.java:357)
	at io.netty.handler.codec.MessageToMessageDecoder.channelRead(MessageToMessageDecoder.java:103)
	at io.netty.channel.AbstractChannelHandlerContext.invokeChannelRead(AbstractChannelHandlerContext.java:379)
	at io.netty.channel.AbstractChannelHandlerContext.invokeChannelRead(AbstractChannelHandlerContext.java:365)
	at io.netty.channel.AbstractChannelHandlerContext.fireChannelRead(AbstractChannelHandlerContext.java:357)
	at io.netty.handler.codec.MessageToMessageDecoder.channelRead(MessageToMessageDecoder.java:103)
	at io.netty.handler.codec.MessageToMessageCodec.channelRead(MessageToMessageCodec.java:111)
	at io.netty.channel.AbstractChannelHandlerContext.invokeChannelRead(AbstractChannelHandlerContext.java:379)
	at io.netty.channel.AbstractChannelHandlerContext.invokeChannelRead(AbstractChannelHandlerContext.java:365)
	at io.netty.channel.AbstractChannelHandlerContext.fireChannelRead(AbstractChannelHandlerContext.java:357)
	at io.netty.channel.ChannelInboundHandlerAdapter.channelRead(ChannelInboundHandlerAdapter.java:93)
	at io.netty.handler.codec.http.HttpServerKeepAliveHandler.channelRead(HttpServerKeepAliveHandler.java:64)
	at io.netty.channel.AbstractChannelHandlerContext.invokeChannelRead(AbstractChannelHandlerContext.java:379)
	at io.netty.channel.AbstractChannelHandlerContext.invokeChannelRead(AbstractChannelHandlerContext.java:365)
	at io.netty.channel.AbstractChannelHandlerContext.fireChannelRead(AbstractChannelHandlerContext.java:357)
	at io.netty.handler.flow.FlowControlHandler.dequeue(FlowControlHandler.java:200)
	at io.netty.handler.flow.FlowControlHandler.read(FlowControlHandler.java:139)
	at io.netty.channel.AbstractChannelHandlerContext.invokeRead(AbstractChannelHandlerContext.java:686)
	at io.netty.channel.AbstractChannelHandlerContext.read(AbstractChannelHandlerContext.java:671)
	at io.micronaut.http.netty.reactive.HandlerPublisher.requestDemand(HandlerPublisher.java:163)
	at io.micronaut.http.netty.stream.HttpStreamsHandler$2.requestDemand(HttpStreamsHandler.java:260)
	at io.micronaut.http.netty.reactive.HandlerPublisher$ChannelSubscription.receivedDemand(HandlerPublisher.java:547)
	at io.micronaut.http.netty.reactive.HandlerPublisher$ChannelSubscription.lambda$request$0(HandlerPublisher.java:474)
	at io.netty.util.concurrent.AbstractEventExecutor.safeExecute(AbstractEventExecutor.java:164)
	at io.netty.util.concurrent.SingleThreadEventExecutor.runAllTasks(SingleThreadEventExecutor.java:469)
	at io.netty.channel.nio.NioEventLoop.run(NioEventLoop.java:497)
	at io.netty.util.concurrent.SingleThreadEventExecutor$4.run(SingleThreadEventExecutor.java:986)
	at io.netty.util.internal.ThreadExecutorMap$2.run(ThreadExecutorMap.java:74)
	at io.netty.util.concurrent.FastThreadLocalRunnable.run(FastThreadLocalRunnable.java:30)
	at java.base/java.lang.Thread.run(Thread.java:834)
15:04:44.589 [default-nioEventLoopGroup-1-3] ERROR i.m.http.server.RouteExecutor - Unexpected error occurred: No reactive transaction management has been configured. Ensure you have correctly configured a reactive capable transaction manager
io.micronaut.context.exceptions.ConfigurationException: No reactive transaction management has been configured. Ensure you have correctly configured a reactive capable transaction manager
	at io.micronaut.transaction.interceptor.TransactionalInterceptor.lambda$intercept$0(TransactionalInterceptor.java:103)
	at java.base/java.util.concurrent.ConcurrentHashMap.computeIfAbsent(ConcurrentHashMap.java:1705)
	at io.micronaut.transaction.interceptor.TransactionalInterceptor.intercept(TransactionalInterceptor.java:96)
	at io.micronaut.aop.chain.MethodInterceptorChain.proceed(MethodInterceptorChain.java:137)
	at io.hashimati.security.$AuthenticationProviderUserPassword$Definition$Intercepted.authenticate(Unknown Source)
	at io.micronaut.security.authentication.Authenticator.lambda$authenticate$5(Authenticator.java:100)
	at java.base/java.util.stream.ReferencePipeline$3$1.accept(ReferencePipeline.java:195)
	at java.base/java.util.ArrayList$ArrayListSpliterator.forEachRemaining(ArrayList.java:1655)
	at java.base/java.util.stream.AbstractPipeline.copyInto(AbstractPipeline.java:484)
	at java.base/java.util.stream.AbstractPipeline.wrapAndCopyInto(AbstractPipeline.java:474)
	at java.base/java.util.stream.ReduceOps$ReduceOp.evaluateSequential(ReduceOps.java:913)
	at java.base/java.util.stream.AbstractPipeline.evaluate(AbstractPipeline.java:234)
	at java.base/java.util.stream.ReferencePipeline.collect(ReferencePipeline.java:578)
	at io.micronaut.security.authentication.Authenticator.authenticate(Authenticator.java:111)
	at io.micronaut.security.endpoints.LoginController.login(LoginController.java:87)
	at io.micronaut.security.endpoints.$LoginController$Definition$Intercepted.$$access$$login(Unknown Source)
	at io.micronaut.security.endpoints.$LoginController$Definition$Exec.dispatch(Unknown Source)
	at io.micronaut.context.AbstractExecutableMethodsDefinition$DispatchedExecutableMethod.invoke(AbstractExecutableMethodsDefinition.java:338)
	at io.micronaut.aop.chain.MethodInterceptorChain.proceed(MethodInterceptorChain.java:128)
	at io.micronaut.validation.ValidatingInterceptor.validateReturnExecutableValidator(ValidatingInterceptor.java:153)
	at io.micronaut.validation.ValidatingInterceptor.intercept(ValidatingInterceptor.java:101)
	at io.micronaut.aop.chain.MethodInterceptorChain.proceed(MethodInterceptorChain.java:137)
	at io.micronaut.security.endpoints.$LoginController$Definition$Intercepted.login(Unknown Source)
	at io.micronaut.security.endpoints.$LoginController$Definition$Exec.dispatch(Unknown Source)
	at io.micronaut.context.AbstractExecutableMethodsDefinition$DispatchedExecutableMethod.invoke(AbstractExecutableMethodsDefinition.java:338)
	at io.micronaut.context.DefaultBeanContext$4.invoke(DefaultBeanContext.java:503)
	at io.micronaut.web.router.AbstractRouteMatch.execute(AbstractRouteMatch.java:303)
	at io.micronaut.web.router.RouteMatch.execute(RouteMatch.java:111)
	at io.micronaut.http.server.RouteExecutor.lambda$executeRoute$15(RouteExecutor.java:605)
	at reactor.core.publisher.FluxDefer.subscribe(FluxDefer.java:46)
	at reactor.core.publisher.Flux.subscribe(Flux.java:8402)
	at reactor.core.publisher.FluxFlatMap$FlatMapMain.onNext(FluxFlatMap.java:426)
	at reactor.core.publisher.MonoCreate$DefaultMonoSink.success(MonoCreate.java:160)
	at io.micronaut.http.server.netty.RoutingInBoundHandler$4.doOnComplete(RoutingInBoundHandler.java:881)
	at io.micronaut.core.async.subscriber.CompletionAwareSubscriber.onComplete(CompletionAwareSubscriber.java:71)
	at io.micronaut.http.server.netty.jackson.JsonContentProcessor$1.doOnComplete(JsonContentProcessor.java:140)
	at io.micronaut.core.async.subscriber.CompletionAwareSubscriber.onComplete(CompletionAwareSubscriber.java:71)
	at java.base/java.util.Optional.ifPresent(Optional.java:183)
	at io.micronaut.core.async.processor.SingleThreadedBufferingProcessor.doOnComplete(SingleThreadedBufferingProcessor.java:48)
	at io.micronaut.jackson.parser.JacksonProcessor.doOnComplete(JacksonProcessor.java:139)
	at io.micronaut.core.async.subscriber.SingleThreadedBufferingSubscriber.onComplete(SingleThreadedBufferingSubscriber.java:70)
	at io.micronaut.http.server.netty.jackson.JsonContentProcessor.doOnComplete(JsonContentProcessor.java:165)
	at io.micronaut.core.async.subscriber.CompletionAwareSubscriber.onComplete(CompletionAwareSubscriber.java:71)
	at io.micronaut.http.netty.reactive.HandlerPublisher.complete(HandlerPublisher.java:416)
	at io.micronaut.http.netty.reactive.HandlerPublisher.handlerRemoved(HandlerPublisher.java:403)
	at io.netty.channel.AbstractChannelHandlerContext.callHandlerRemoved(AbstractChannelHandlerContext.java:946)
	at io.netty.channel.DefaultChannelPipeline.callHandlerRemoved0(DefaultChannelPipeline.java:637)
	at io.netty.channel.DefaultChannelPipeline.remove(DefaultChannelPipeline.java:477)
	at io.netty.channel.DefaultChannelPipeline.remove(DefaultChannelPipeline.java:423)
	at io.micronaut.http.netty.stream.HttpStreamsHandler.removeHandlerIfActive(HttpStreamsHandler.java:452)
	at io.micronaut.http.netty.stream.HttpStreamsHandler.handleReadHttpContent(HttpStreamsHandler.java:306)
	at io.micronaut.http.netty.stream.HttpStreamsHandler.channelRead(HttpStreamsHandler.java:269)
	at io.micronaut.http.netty.stream.HttpStreamsServerHandler.channelRead(HttpStreamsServerHandler.java:123)
	at io.netty.channel.AbstractChannelHandlerContext.invokeChannelRead(AbstractChannelHandlerContext.java:379)
	at io.netty.channel.AbstractChannelHandlerContext.invokeChannelRead(AbstractChannelHandlerContext.java:365)
	at io.netty.channel.AbstractChannelHandlerContext.fireChannelRead(AbstractChannelHandlerContext.java:357)
	at io.netty.handler.codec.MessageToMessageDecoder.channelRead(MessageToMessageDecoder.java:103)
	at io.netty.channel.AbstractChannelHandlerContext.invokeChannelRead(AbstractChannelHandlerContext.java:379)
	at io.netty.channel.AbstractChannelHandlerContext.invokeChannelRead(AbstractChannelHandlerContext.java:365)
	at io.netty.channel.AbstractChannelHandlerContext.fireChannelRead(AbstractChannelHandlerContext.java:357)
	at io.netty.handler.codec.MessageToMessageDecoder.channelRead(MessageToMessageDecoder.java:103)
	at io.netty.handler.codec.MessageToMessageCodec.channelRead(MessageToMessageCodec.java:111)
	at io.netty.channel.AbstractChannelHandlerContext.invokeChannelRead(AbstractChannelHandlerContext.java:379)
	at io.netty.channel.AbstractChannelHandlerContext.invokeChannelRead(AbstractChannelHandlerContext.java:365)
	at io.netty.channel.AbstractChannelHandlerContext.fireChannelRead(AbstractChannelHandlerContext.java:357)
	at io.netty.channel.ChannelInboundHandlerAdapter.channelRead(ChannelInboundHandlerAdapter.java:93)
	at io.netty.handler.codec.http.HttpServerKeepAliveHandler.channelRead(HttpServerKeepAliveHandler.java:64)
	at io.netty.channel.AbstractChannelHandlerContext.invokeChannelRead(AbstractChannelHandlerContext.java:379)
	at io.netty.channel.AbstractChannelHandlerContext.invokeChannelRead(AbstractChannelHandlerContext.java:365)
	at io.netty.channel.AbstractChannelHandlerContext.fireChannelRead(AbstractChannelHandlerContext.java:357)
	at io.netty.handler.flow.FlowControlHandler.dequeue(FlowControlHandler.java:200)
	at io.netty.handler.flow.FlowControlHandler.read(FlowControlHandler.java:139)
	at io.netty.channel.AbstractChannelHandlerContext.invokeRead(AbstractChannelHandlerContext.java:686)
	at io.netty.channel.AbstractChannelHandlerContext.read(AbstractChannelHandlerContext.java:671)
	at io.micronaut.http.netty.reactive.HandlerPublisher.requestDemand(HandlerPublisher.java:163)
	at io.micronaut.http.netty.stream.HttpStreamsHandler$2.requestDemand(HttpStreamsHandler.java:260)
	at io.micronaut.http.netty.reactive.HandlerPublisher$ChannelSubscription.receivedDemand(HandlerPublisher.java:547)
	at io.micronaut.http.netty.reactive.HandlerPublisher$ChannelSubscription.lambda$request$0(HandlerPublisher.java:474)
	at io.netty.util.concurrent.AbstractEventExecutor.safeExecute(AbstractEventExecutor.java:164)
	at io.netty.util.concurrent.SingleThreadEventExecutor.runAllTasks(SingleThreadEventExecutor.java:469)
	at io.netty.channel.nio.NioEventLoop.run(NioEventLoop.java:497)
	at io.netty.util.concurrent.SingleThreadEventExecutor$4.run(SingleThreadEventExecutor.java:986)
	at io.netty.util.internal.ThreadExecutorMap$2.run(ThreadExecutorMap.java:74)
	at io.netty.util.concurrent.FastThreadLocalRunnable.run(FastThreadLocalRunnable.java:30)
	at java.base/java.lang.Thread.run(Thread.java:834)
15:04:51.076 [default-nioEventLoopGroup-1-3] ERROR i.m.http.server.RouteExecutor - Unexpected error occurred: No reactive transaction management has been configured. Ensure you have correctly configured a reactive capable transaction manager
io.micronaut.context.exceptions.ConfigurationException: No reactive transaction management has been configured. Ensure you have correctly configured a reactive capable transaction manager
	at io.micronaut.transaction.interceptor.TransactionalInterceptor.lambda$intercept$0(TransactionalInterceptor.java:103)
	at java.base/java.util.concurrent.ConcurrentHashMap.computeIfAbsent(ConcurrentHashMap.java:1705)
	at io.micronaut.transaction.interceptor.TransactionalInterceptor.intercept(TransactionalInterceptor.java:96)
	at io.micronaut.aop.chain.MethodInterceptorChain.proceed(MethodInterceptorChain.java:137)
	at io.hashimati.security.$AuthenticationProviderUserPassword$Definition$Intercepted.authenticate(Unknown Source)
	at io.micronaut.security.authentication.Authenticator.lambda$authenticate$5(Authenticator.java:100)
	at java.base/java.util.stream.ReferencePipeline$3$1.accept(ReferencePipeline.java:195)
	at java.base/java.util.ArrayList$ArrayListSpliterator.forEachRemaining(ArrayList.java:1655)
	at java.base/java.util.stream.AbstractPipeline.copyInto(AbstractPipeline.java:484)
	at java.base/java.util.stream.AbstractPipeline.wrapAndCopyInto(AbstractPipeline.java:474)
	at java.base/java.util.stream.ReduceOps$ReduceOp.evaluateSequential(ReduceOps.java:913)
	at java.base/java.util.stream.AbstractPipeline.evaluate(AbstractPipeline.java:234)
	at java.base/java.util.stream.ReferencePipeline.collect(ReferencePipeline.java:578)
	at io.micronaut.security.authentication.Authenticator.authenticate(Authenticator.java:111)
	at io.micronaut.security.endpoints.LoginController.login(LoginController.java:87)
	at io.micronaut.security.endpoints.$LoginController$Definition$Intercepted.$$access$$login(Unknown Source)
	at io.micronaut.security.endpoints.$LoginController$Definition$Exec.dispatch(Unknown Source)
	at io.micronaut.context.AbstractExecutableMethodsDefinition$DispatchedExecutableMethod.invoke(AbstractExecutableMethodsDefinition.java:338)
	at io.micronaut.aop.chain.MethodInterceptorChain.proceed(MethodInterceptorChain.java:128)
	at io.micronaut.validation.ValidatingInterceptor.validateReturnExecutableValidator(ValidatingInterceptor.java:153)
	at io.micronaut.validation.ValidatingInterceptor.intercept(ValidatingInterceptor.java:101)
	at io.micronaut.aop.chain.MethodInterceptorChain.proceed(MethodInterceptorChain.java:137)
	at io.micronaut.security.endpoints.$LoginController$Definition$Intercepted.login(Unknown Source)
	at io.micronaut.security.endpoints.$LoginController$Definition$Exec.dispatch(Unknown Source)
	at io.micronaut.context.AbstractExecutableMethodsDefinition$DispatchedExecutableMethod.invoke(AbstractExecutableMethodsDefinition.java:338)
	at io.micronaut.context.DefaultBeanContext$4.invoke(DefaultBeanContext.java:503)
	at io.micronaut.web.router.AbstractRouteMatch.execute(AbstractRouteMatch.java:303)
	at io.micronaut.web.router.RouteMatch.execute(RouteMatch.java:111)
	at io.micronaut.http.server.RouteExecutor.lambda$executeRoute$15(RouteExecutor.java:605)
	at reactor.core.publisher.FluxDefer.subscribe(FluxDefer.java:46)
	at reactor.core.publisher.Flux.subscribe(Flux.java:8402)
	at reactor.core.publisher.FluxFlatMap$FlatMapMain.onNext(FluxFlatMap.java:426)
	at reactor.core.publisher.MonoCreate$DefaultMonoSink.success(MonoCreate.java:160)
	at io.micronaut.http.server.netty.RoutingInBoundHandler$4.doOnComplete(RoutingInBoundHandler.java:881)
	at io.micronaut.core.async.subscriber.CompletionAwareSubscriber.onComplete(CompletionAwareSubscriber.java:71)
	at io.micronaut.http.server.netty.jackson.JsonContentProcessor$1.doOnComplete(JsonContentProcessor.java:140)
	at io.micronaut.core.async.subscriber.CompletionAwareSubscriber.onComplete(CompletionAwareSubscriber.java:71)
	at java.base/java.util.Optional.ifPresent(Optional.java:183)
	at io.micronaut.core.async.processor.SingleThreadedBufferingProcessor.doOnComplete(SingleThreadedBufferingProcessor.java:48)
	at io.micronaut.jackson.parser.JacksonProcessor.doOnComplete(JacksonProcessor.java:139)
	at io.micronaut.core.async.subscriber.SingleThreadedBufferingSubscriber.onComplete(SingleThreadedBufferingSubscriber.java:70)
	at io.micronaut.http.server.netty.jackson.JsonContentProcessor.doOnComplete(JsonContentProcessor.java:165)
	at io.micronaut.core.async.subscriber.CompletionAwareSubscriber.onComplete(CompletionAwareSubscriber.java:71)
	at io.micronaut.http.netty.reactive.HandlerPublisher.complete(HandlerPublisher.java:416)
	at io.micronaut.http.netty.reactive.HandlerPublisher.handlerRemoved(HandlerPublisher.java:403)
	at io.netty.channel.AbstractChannelHandlerContext.callHandlerRemoved(AbstractChannelHandlerContext.java:946)
	at io.netty.channel.DefaultChannelPipeline.callHandlerRemoved0(DefaultChannelPipeline.java:637)
	at io.netty.channel.DefaultChannelPipeline.remove(DefaultChannelPipeline.java:477)
	at io.netty.channel.DefaultChannelPipeline.remove(DefaultChannelPipeline.java:423)
	at io.micronaut.http.netty.stream.HttpStreamsHandler.removeHandlerIfActive(HttpStreamsHandler.java:452)
	at io.micronaut.http.netty.stream.HttpStreamsHandler.handleReadHttpContent(HttpStreamsHandler.java:306)
	at io.micronaut.http.netty.stream.HttpStreamsHandler.channelRead(HttpStreamsHandler.java:269)
	at io.micronaut.http.netty.stream.HttpStreamsServerHandler.channelRead(HttpStreamsServerHandler.java:123)
	at io.netty.channel.AbstractChannelHandlerContext.invokeChannelRead(AbstractChannelHandlerContext.java:379)
	at io.netty.channel.AbstractChannelHandlerContext.invokeChannelRead(AbstractChannelHandlerContext.java:365)
	at io.netty.channel.AbstractChannelHandlerContext.fireChannelRead(AbstractChannelHandlerContext.java:357)
	at io.netty.handler.codec.MessageToMessageDecoder.channelRead(MessageToMessageDecoder.java:103)
	at io.netty.channel.AbstractChannelHandlerContext.invokeChannelRead(AbstractChannelHandlerContext.java:379)
	at io.netty.channel.AbstractChannelHandlerContext.invokeChannelRead(AbstractChannelHandlerContext.java:365)
	at io.netty.channel.AbstractChannelHandlerContext.fireChannelRead(AbstractChannelHandlerContext.java:357)
	at io.netty.handler.codec.MessageToMessageDecoder.channelRead(MessageToMessageDecoder.java:103)
	at io.netty.handler.codec.MessageToMessageCodec.channelRead(MessageToMessageCodec.java:111)
	at io.netty.channel.AbstractChannelHandlerContext.invokeChannelRead(AbstractChannelHandlerContext.java:379)
	at io.netty.channel.AbstractChannelHandlerContext.invokeChannelRead(AbstractChannelHandlerContext.java:365)
	at io.netty.channel.AbstractChannelHandlerContext.fireChannelRead(AbstractChannelHandlerContext.java:357)
	at io.netty.channel.ChannelInboundHandlerAdapter.channelRead(ChannelInboundHandlerAdapter.java:93)
	at io.netty.handler.codec.http.HttpServerKeepAliveHandler.channelRead(HttpServerKeepAliveHandler.java:64)
	at io.netty.channel.AbstractChannelHandlerContext.invokeChannelRead(AbstractChannelHandlerContext.java:379)
	at io.netty.channel.AbstractChannelHandlerContext.invokeChannelRead(AbstractChannelHandlerContext.java:365)
	at io.netty.channel.AbstractChannelHandlerContext.fireChannelRead(AbstractChannelHandlerContext.java:357)
	at io.netty.handler.flow.FlowControlHandler.dequeue(FlowControlHandler.java:200)
	at io.netty.handler.flow.FlowControlHandler.read(FlowControlHandler.java:139)
	at io.netty.channel.AbstractChannelHandlerContext.invokeRead(AbstractChannelHandlerContext.java:686)
	at io.netty.channel.AbstractChannelHandlerContext.read(AbstractChannelHandlerContext.java:671)
	at io.micronaut.http.netty.reactive.HandlerPublisher.requestDemand(HandlerPublisher.java:163)
	at io.micronaut.http.netty.stream.HttpStreamsHandler$2.requestDemand(HttpStreamsHandler.java:260)
	at io.micronaut.http.netty.reactive.HandlerPublisher$ChannelSubscription.receivedDemand(HandlerPublisher.java:547)
	at io.micronaut.http.netty.reactive.HandlerPublisher$ChannelSubscription.lambda$request$0(HandlerPublisher.java:474)
	at io.netty.util.concurrent.AbstractEventExecutor.safeExecute(AbstractEventExecutor.java:164)
	at io.netty.util.concurrent.SingleThreadEventExecutor.runAllTasks(SingleThreadEventExecutor.java:469)
	at io.netty.channel.nio.NioEventLoop.run(NioEventLoop.java:497)
	at io.netty.util.concurrent.SingleThreadEventExecutor$4.run(SingleThreadEventExecutor.java:986)
	at io.netty.util.internal.ThreadExecutorMap$2.run(ThreadExecutorMap.java:74)
	at io.netty.util.concurrent.FastThreadLocalRunnable.run(FastThreadLocalRunnable.java:30)
	at java.base/java.lang.Thread.run(Thread.java:834)
15:04:52.143 [default-nioEventLoopGroup-1-3] ERROR i.m.http.server.RouteExecutor - Unexpected error occurred: No reactive transaction management has been configured. Ensure you have correctly configured a reactive capable transaction manager
io.micronaut.context.exceptions.ConfigurationException: No reactive transaction management has been configured. Ensure you have correctly configured a reactive capable transaction manager
	at io.micronaut.transaction.interceptor.TransactionalInterceptor.lambda$intercept$0(TransactionalInterceptor.java:103)
	at java.base/java.util.concurrent.ConcurrentHashMap.computeIfAbsent(ConcurrentHashMap.java:1705)
	at io.micronaut.transaction.interceptor.TransactionalInterceptor.intercept(TransactionalInterceptor.java:96)
	at io.micronaut.aop.chain.MethodInterceptorChain.proceed(MethodInterceptorChain.java:137)
	at io.hashimati.security.$AuthenticationProviderUserPassword$Definition$Intercepted.authenticate(Unknown Source)
	at io.micronaut.security.authentication.Authenticator.lambda$authenticate$5(Authenticator.java:100)
	at java.base/java.util.stream.ReferencePipeline$3$1.accept(ReferencePipeline.java:195)
	at java.base/java.util.ArrayList$ArrayListSpliterator.forEachRemaining(ArrayList.java:1655)
	at java.base/java.util.stream.AbstractPipeline.copyInto(AbstractPipeline.java:484)
	at java.base/java.util.stream.AbstractPipeline.wrapAndCopyInto(AbstractPipeline.java:474)
	at java.base/java.util.stream.ReduceOps$ReduceOp.evaluateSequential(ReduceOps.java:913)
	at java.base/java.util.stream.AbstractPipeline.evaluate(AbstractPipeline.java:234)
	at java.base/java.util.stream.ReferencePipeline.collect(ReferencePipeline.java:578)
	at io.micronaut.security.authentication.Authenticator.authenticate(Authenticator.java:111)
	at io.micronaut.security.endpoints.LoginController.login(LoginController.java:87)
	at io.micronaut.security.endpoints.$LoginController$Definition$Intercepted.$$access$$login(Unknown Source)
	at io.micronaut.security.endpoints.$LoginController$Definition$Exec.dispatch(Unknown Source)
	at io.micronaut.context.AbstractExecutableMethodsDefinition$DispatchedExecutableMethod.invoke(AbstractExecutableMethodsDefinition.java:338)
	at io.micronaut.aop.chain.MethodInterceptorChain.proceed(MethodInterceptorChain.java:128)
	at io.micronaut.validation.ValidatingInterceptor.validateReturnExecutableValidator(ValidatingInterceptor.java:153)
	at io.micronaut.validation.ValidatingInterceptor.intercept(ValidatingInterceptor.java:101)
	at io.micronaut.aop.chain.MethodInterceptorChain.proceed(MethodInterceptorChain.java:137)
	at io.micronaut.security.endpoints.$LoginController$Definition$Intercepted.login(Unknown Source)
	at io.micronaut.security.endpoints.$LoginController$Definition$Exec.dispatch(Unknown Source)
	at io.micronaut.context.AbstractExecutableMethodsDefinition$DispatchedExecutableMethod.invoke(AbstractExecutableMethodsDefinition.java:338)
	at io.micronaut.context.DefaultBeanContext$4.invoke(DefaultBeanContext.java:503)
	at io.micronaut.web.router.AbstractRouteMatch.execute(AbstractRouteMatch.java:303)
	at io.micronaut.web.router.RouteMatch.execute(RouteMatch.java:111)
	at io.micronaut.http.server.RouteExecutor.lambda$executeRoute$15(RouteExecutor.java:605)
	at reactor.core.publisher.FluxDefer.subscribe(FluxDefer.java:46)
	at reactor.core.publisher.Flux.subscribe(Flux.java:8402)
	at reactor.core.publisher.FluxFlatMap$FlatMapMain.onNext(FluxFlatMap.java:426)
	at reactor.core.publisher.MonoCreate$DefaultMonoSink.success(MonoCreate.java:160)
	at io.micronaut.http.server.netty.RoutingInBoundHandler$4.doOnComplete(RoutingInBoundHandler.java:881)
	at io.micronaut.core.async.subscriber.CompletionAwareSubscriber.onComplete(CompletionAwareSubscriber.java:71)
	at io.micronaut.http.server.netty.jackson.JsonContentProcessor$1.doOnComplete(JsonContentProcessor.java:140)
	at io.micronaut.core.async.subscriber.CompletionAwareSubscriber.onComplete(CompletionAwareSubscriber.java:71)
	at java.base/java.util.Optional.ifPresent(Optional.java:183)
	at io.micronaut.core.async.processor.SingleThreadedBufferingProcessor.doOnComplete(SingleThreadedBufferingProcessor.java:48)
	at io.micronaut.jackson.parser.JacksonProcessor.doOnComplete(JacksonProcessor.java:139)
	at io.micronaut.core.async.subscriber.SingleThreadedBufferingSubscriber.onComplete(SingleThreadedBufferingSubscriber.java:70)
	at io.micronaut.http.server.netty.jackson.JsonContentProcessor.doOnComplete(JsonContentProcessor.java:165)
	at io.micronaut.core.async.subscriber.CompletionAwareSubscriber.onComplete(CompletionAwareSubscriber.java:71)
	at io.micronaut.http.netty.reactive.HandlerPublisher.complete(HandlerPublisher.java:416)
	at io.micronaut.http.netty.reactive.HandlerPublisher.handlerRemoved(HandlerPublisher.java:403)
	at io.netty.channel.AbstractChannelHandlerContext.callHandlerRemoved(AbstractChannelHandlerContext.java:946)
	at io.netty.channel.DefaultChannelPipeline.callHandlerRemoved0(DefaultChannelPipeline.java:637)
	at io.netty.channel.DefaultChannelPipeline.remove(DefaultChannelPipeline.java:477)
	at io.netty.channel.DefaultChannelPipeline.remove(DefaultChannelPipeline.java:423)
	at io.micronaut.http.netty.stream.HttpStreamsHandler.removeHandlerIfActive(HttpStreamsHandler.java:452)
	at io.micronaut.http.netty.stream.HttpStreamsHandler.handleReadHttpContent(HttpStreamsHandler.java:306)
	at io.micronaut.http.netty.stream.HttpStreamsHandler.channelRead(HttpStreamsHandler.java:269)
	at io.micronaut.http.netty.stream.HttpStreamsServerHandler.channelRead(HttpStreamsServerHandler.java:123)
	at io.netty.channel.AbstractChannelHandlerContext.invokeChannelRead(AbstractChannelHandlerContext.java:379)
	at io.netty.channel.AbstractChannelHandlerContext.invokeChannelRead(AbstractChannelHandlerContext.java:365)
	at io.netty.channel.AbstractChannelHandlerContext.fireChannelRead(AbstractChannelHandlerContext.java:357)
	at io.netty.handler.codec.MessageToMessageDecoder.channelRead(MessageToMessageDecoder.java:103)
	at io.netty.channel.AbstractChannelHandlerContext.invokeChannelRead(AbstractChannelHandlerContext.java:379)
	at io.netty.channel.AbstractChannelHandlerContext.invokeChannelRead(AbstractChannelHandlerContext.java:365)
	at io.netty.channel.AbstractChannelHandlerContext.fireChannelRead(AbstractChannelHandlerContext.java:357)
	at io.netty.handler.codec.MessageToMessageDecoder.channelRead(MessageToMessageDecoder.java:103)
	at io.netty.handler.codec.MessageToMessageCodec.channelRead(MessageToMessageCodec.java:111)
	at io.netty.channel.AbstractChannelHandlerContext.invokeChannelRead(AbstractChannelHandlerContext.java:379)
	at io.netty.channel.AbstractChannelHandlerContext.invokeChannelRead(AbstractChannelHandlerContext.java:365)
	at io.netty.channel.AbstractChannelHandlerContext.fireChannelRead(AbstractChannelHandlerContext.java:357)
	at io.netty.channel.ChannelInboundHandlerAdapter.channelRead(ChannelInboundHandlerAdapter.java:93)
	at io.netty.handler.codec.http.HttpServerKeepAliveHandler.channelRead(HttpServerKeepAliveHandler.java:64)
	at io.netty.channel.AbstractChannelHandlerContext.invokeChannelRead(AbstractChannelHandlerContext.java:379)
	at io.netty.channel.AbstractChannelHandlerContext.invokeChannelRead(AbstractChannelHandlerContext.java:365)
	at io.netty.channel.AbstractChannelHandlerContext.fireChannelRead(AbstractChannelHandlerContext.java:357)
	at io.netty.handler.flow.FlowControlHandler.dequeue(FlowControlHandler.java:200)
	at io.netty.handler.flow.FlowControlHandler.read(FlowControlHandler.java:139)
	at io.netty.channel.AbstractChannelHandlerContext.invokeRead(AbstractChannelHandlerContext.java:686)
	at io.netty.channel.AbstractChannelHandlerContext.read(AbstractChannelHandlerContext.java:671)
	at io.micronaut.http.netty.reactive.HandlerPublisher.requestDemand(HandlerPublisher.java:163)
	at io.micronaut.http.netty.stream.HttpStreamsHandler$2.requestDemand(HttpStreamsHandler.java:260)
	at io.micronaut.http.netty.reactive.HandlerPublisher$ChannelSubscription.receivedDemand(HandlerPublisher.java:547)
	at io.micronaut.http.netty.reactive.HandlerPublisher$ChannelSubscription.lambda$request$0(HandlerPublisher.java:474)
	at io.netty.util.concurrent.AbstractEventExecutor.safeExecute(AbstractEventExecutor.java:164)
	at io.netty.util.concurrent.SingleThreadEventExecutor.runAllTasks(SingleThreadEventExecutor.java:469)
	at io.netty.channel.nio.NioEventLoop.run(NioEventLoop.java:497)
	at io.netty.util.concurrent.SingleThreadEventExecutor$4.run(SingleThreadEventExecutor.java:986)
	at io.netty.util.internal.ThreadExecutorMap$2.run(ThreadExecutorMap.java:74)
	at io.netty.util.concurrent.FastThreadLocalRunnable.run(FastThreadLocalRunnable.java:30)
	at java.base/java.lang.Thread.run(Thread.java:834)
15:04:53.104 [default-nioEventLoopGroup-1-3] ERROR i.m.http.server.RouteExecutor - Unexpected error occurred: No reactive transaction management has been configured. Ensure you have correctly configured a reactive capable transaction manager
io.micronaut.context.exceptions.ConfigurationException: No reactive transaction management has been configured. Ensure you have correctly configured a reactive capable transaction manager
	at io.micronaut.transaction.interceptor.TransactionalInterceptor.lambda$intercept$0(TransactionalInterceptor.java:103)
	at java.base/java.util.concurrent.ConcurrentHashMap.computeIfAbsent(ConcurrentHashMap.java:1705)
	at io.micronaut.transaction.interceptor.TransactionalInterceptor.intercept(TransactionalInterceptor.java:96)
	at io.micronaut.aop.chain.MethodInterceptorChain.proceed(MethodInterceptorChain.java:137)
	at io.hashimati.security.$AuthenticationProviderUserPassword$Definition$Intercepted.authenticate(Unknown Source)
	at io.micronaut.security.authentication.Authenticator.lambda$authenticate$5(Authenticator.java:100)
	at java.base/java.util.stream.ReferencePipeline$3$1.accept(ReferencePipeline.java:195)
	at java.base/java.util.ArrayList$ArrayListSpliterator.forEachRemaining(ArrayList.java:1655)
	at java.base/java.util.stream.AbstractPipeline.copyInto(AbstractPipeline.java:484)
	at java.base/java.util.stream.AbstractPipeline.wrapAndCopyInto(AbstractPipeline.java:474)
	at java.base/java.util.stream.ReduceOps$ReduceOp.evaluateSequential(ReduceOps.java:913)
	at java.base/java.util.stream.AbstractPipeline.evaluate(AbstractPipeline.java:234)
	at java.base/java.util.stream.ReferencePipeline.collect(ReferencePipeline.java:578)
	at io.micronaut.security.authentication.Authenticator.authenticate(Authenticator.java:111)
	at io.micronaut.security.endpoints.LoginController.login(LoginController.java:87)
	at io.micronaut.security.endpoints.$LoginController$Definition$Intercepted.$$access$$login(Unknown Source)
	at io.micronaut.security.endpoints.$LoginController$Definition$Exec.dispatch(Unknown Source)
	at io.micronaut.context.AbstractExecutableMethodsDefinition$DispatchedExecutableMethod.invoke(AbstractExecutableMethodsDefinition.java:338)
	at io.micronaut.aop.chain.MethodInterceptorChain.proceed(MethodInterceptorChain.java:128)
	at io.micronaut.validation.ValidatingInterceptor.validateReturnExecutableValidator(ValidatingInterceptor.java:153)
	at io.micronaut.validation.ValidatingInterceptor.intercept(ValidatingInterceptor.java:101)
	at io.micronaut.aop.chain.MethodInterceptorChain.proceed(MethodInterceptorChain.java:137)
	at io.micronaut.security.endpoints.$LoginController$Definition$Intercepted.login(Unknown Source)
	at io.micronaut.security.endpoints.$LoginController$Definition$Exec.dispatch(Unknown Source)
	at io.micronaut.context.AbstractExecutableMethodsDefinition$DispatchedExecutableMethod.invoke(AbstractExecutableMethodsDefinition.java:338)
	at io.micronaut.context.DefaultBeanContext$4.invoke(DefaultBeanContext.java:503)
	at io.micronaut.web.router.AbstractRouteMatch.execute(AbstractRouteMatch.java:303)
	at io.micronaut.web.router.RouteMatch.execute(RouteMatch.java:111)
	at io.micronaut.http.server.RouteExecutor.lambda$executeRoute$15(RouteExecutor.java:605)
	at reactor.core.publisher.FluxDefer.subscribe(FluxDefer.java:46)
	at reactor.core.publisher.Flux.subscribe(Flux.java:8402)
	at reactor.core.publisher.FluxFlatMap$FlatMapMain.onNext(FluxFlatMap.java:426)
	at reactor.core.publisher.MonoCreate$DefaultMonoSink.success(MonoCreate.java:160)
	at io.micronaut.http.server.netty.RoutingInBoundHandler$4.doOnComplete(RoutingInBoundHandler.java:881)
	at io.micronaut.core.async.subscriber.CompletionAwareSubscriber.onComplete(CompletionAwareSubscriber.java:71)
	at io.micronaut.http.server.netty.jackson.JsonContentProcessor$1.doOnComplete(JsonContentProcessor.java:140)
	at io.micronaut.core.async.subscriber.CompletionAwareSubscriber.onComplete(CompletionAwareSubscriber.java:71)
	at java.base/java.util.Optional.ifPresent(Optional.java:183)
	at io.micronaut.core.async.processor.SingleThreadedBufferingProcessor.doOnComplete(SingleThreadedBufferingProcessor.java:48)
	at io.micronaut.jackson.parser.JacksonProcessor.doOnComplete(JacksonProcessor.java:139)
	at io.micronaut.core.async.subscriber.SingleThreadedBufferingSubscriber.onComplete(SingleThreadedBufferingSubscriber.java:70)
	at io.micronaut.http.server.netty.jackson.JsonContentProcessor.doOnComplete(JsonContentProcessor.java:165)
	at io.micronaut.core.async.subscriber.CompletionAwareSubscriber.onComplete(CompletionAwareSubscriber.java:71)
	at io.micronaut.http.netty.reactive.HandlerPublisher.complete(HandlerPublisher.java:416)
	at io.micronaut.http.netty.reactive.HandlerPublisher.handlerRemoved(HandlerPublisher.java:403)
	at io.netty.channel.AbstractChannelHandlerContext.callHandlerRemoved(AbstractChannelHandlerContext.java:946)
	at io.netty.channel.DefaultChannelPipeline.callHandlerRemoved0(DefaultChannelPipeline.java:637)
	at io.netty.channel.DefaultChannelPipeline.remove(DefaultChannelPipeline.java:477)
	at io.netty.channel.DefaultChannelPipeline.remove(DefaultChannelPipeline.java:423)
	at io.micronaut.http.netty.stream.HttpStreamsHandler.removeHandlerIfActive(HttpStreamsHandler.java:452)
	at io.micronaut.http.netty.stream.HttpStreamsHandler.handleReadHttpContent(HttpStreamsHandler.java:306)
	at io.micronaut.http.netty.stream.HttpStreamsHandler.channelRead(HttpStreamsHandler.java:269)
	at io.micronaut.http.netty.stream.HttpStreamsServerHandler.channelRead(HttpStreamsServerHandler.java:123)
	at io.netty.channel.AbstractChannelHandlerContext.invokeChannelRead(AbstractChannelHandlerContext.java:379)
	at io.netty.channel.AbstractChannelHandlerContext.invokeChannelRead(AbstractChannelHandlerContext.java:365)
	at io.netty.channel.AbstractChannelHandlerContext.fireChannelRead(AbstractChannelHandlerContext.java:357)
	at io.netty.handler.codec.MessageToMessageDecoder.channelRead(MessageToMessageDecoder.java:103)
	at io.netty.channel.AbstractChannelHandlerContext.invokeChannelRead(AbstractChannelHandlerContext.java:379)
	at io.netty.channel.AbstractChannelHandlerContext.invokeChannelRead(AbstractChannelHandlerContext.java:365)
	at io.netty.channel.AbstractChannelHandlerContext.fireChannelRead(AbstractChannelHandlerContext.java:357)
	at io.netty.handler.codec.MessageToMessageDecoder.channelRead(MessageToMessageDecoder.java:103)
	at io.netty.handler.codec.MessageToMessageCodec.channelRead(MessageToMessageCodec.java:111)
	at io.netty.channel.AbstractChannelHandlerContext.invokeChannelRead(AbstractChannelHandlerContext.java:379)
	at io.netty.channel.AbstractChannelHandlerContext.invokeChannelRead(AbstractChannelHandlerContext.java:365)
	at io.netty.channel.AbstractChannelHandlerContext.fireChannelRead(AbstractChannelHandlerContext.java:357)
	at io.netty.channel.ChannelInboundHandlerAdapter.channelRead(ChannelInboundHandlerAdapter.java:93)
	at io.netty.handler.codec.http.HttpServerKeepAliveHandler.channelRead(HttpServerKeepAliveHandler.java:64)
	at io.netty.channel.AbstractChannelHandlerContext.invokeChannelRead(AbstractChannelHandlerContext.java:379)
	at io.netty.channel.AbstractChannelHandlerContext.invokeChannelRead(AbstractChannelHandlerContext.java:365)
	at io.netty.channel.AbstractChannelHandlerContext.fireChannelRead(AbstractChannelHandlerContext.java:357)
	at io.netty.handler.flow.FlowControlHandler.dequeue(FlowControlHandler.java:200)
	at io.netty.handler.flow.FlowControlHandler.read(FlowControlHandler.java:139)
	at io.netty.channel.AbstractChannelHandlerContext.invokeRead(AbstractChannelHandlerContext.java:686)
	at io.netty.channel.AbstractChannelHandlerContext.read(AbstractChannelHandlerContext.java:671)
	at io.micronaut.http.netty.reactive.HandlerPublisher.requestDemand(HandlerPublisher.java:163)
	at io.micronaut.http.netty.stream.HttpStreamsHandler$2.requestDemand(HttpStreamsHandler.java:260)
	at io.micronaut.http.netty.reactive.HandlerPublisher$ChannelSubscription.receivedDemand(HandlerPublisher.java:547)
	at io.micronaut.http.netty.reactive.HandlerPublisher$ChannelSubscription.lambda$request$0(HandlerPublisher.java:474)
	at io.netty.util.concurrent.AbstractEventExecutor.safeExecute(AbstractEventExecutor.java:164)
	at io.netty.util.concurrent.SingleThreadEventExecutor.runAllTasks(SingleThreadEventExecutor.java:469)
	at io.netty.channel.nio.NioEventLoop.run(NioEventLoop.java:497)
	at io.netty.util.concurrent.SingleThreadEventExecutor$4.run(SingleThreadEventExecutor.java:986)
	at io.netty.util.internal.ThreadExecutorMap$2.run(ThreadExecutorMap.java:74)
	at io.netty.util.concurrent.FastThreadLocalRunnable.run(FastThreadLocalRunnable.java:30)
	at java.base/java.lang.Thread.run(Thread.java:834)
15:05:25.343 [main] INFO  o.h.validator.internal.util.Version - HV000001: Hibernate Validator 6.1.6.Final
15:05:26.356 [main] INFO  com.zaxxer.hikari.HikariDataSource - HikariPool-1 - Starting...
15:05:26.869 [main] INFO  com.zaxxer.hikari.HikariDataSource - HikariPool-1 - Start completed.
15:05:26.932 [main] DEBUG io.micronaut.data.query - Dropping Table: 
DROP TABLE `users`
15:05:26.955 [main] TRACE io.micronaut.data.query - Drop Unsuccessful: Table "USERS" not found; SQL statement:
DROP TABLE `users` [42102-200]
15:05:26.955 [main] DEBUG io.micronaut.data.query - Dropping Table: 
DROP TABLE `refreshTokens`
15:05:26.956 [main] TRACE io.micronaut.data.query - Drop Unsuccessful: Table "REFRESHTOKENS" not found; SQL statement:
DROP TABLE `refreshTokens` [42102-200]
15:05:26.964 [main] DEBUG io.micronaut.data.query - Executing CREATE statement: 
CREATE TABLE `users` (`id` BIGINT AUTO_INCREMENT PRIMARY KEY,`username` VARCHAR(255) NOT NULL,`email` VARCHAR(255) NOT NULL,`roles` VARCHAR(255) NOT NULL,`password` VARCHAR(255) NOT NULL,`dateCreated` TIMESTAMP,`dateUpdated` TIMESTAMP,`active` BOOLEAN NOT NULL,`disabled` BOOLEAN NOT NULL,`locked` BOOLEAN NOT NULL,`lastTimeLogin` TIMESTAMP NOT NULL,`lastTimeTryToLogin` TIMESTAMP NOT NULL,`lastLoginStatus` VARCHAR(255) NOT NULL,`activationCode` VARCHAR(255) NOT NULL);
15:05:26.979 [main] DEBUG io.micronaut.data.query - Executing CREATE statement: 
CREATE TABLE `refreshTokens` (`id` BIGINT AUTO_INCREMENT PRIMARY KEY,`username` VARCHAR(255) NOT NULL,`refreshToken` VARCHAR(255) NOT NULL,`revoked` BOOLEAN NOT NULL,`dateCreated` TIMESTAMP,`dateUpdated` TIMESTAMP);
15:05:28.112 [main] DEBUG io.micronaut.data.query - Executing SQL Insert: INSERT INTO `users` (`username`,`email`,`roles`,`password`,`dateCreated`,`dateUpdated`,`active`,`disabled`,`locked`,`lastTimeLogin`,`lastTimeTryToLogin`,`lastLoginStatus`,`activationCode`) VALUES (?,?,?,?,?,?,?,?,?,?,?,?,?)
15:05:28.123 [main] TRACE io.micronaut.data.query - Binding parameter at position 1 to value admin with data type: STRING
15:05:28.124 [main] TRACE io.micronaut.data.query - Binding parameter at position 2 to value Hello@gmail.com with data type: STRING
15:05:28.125 [main] TRACE io.micronaut.data.query - Binding parameter at position 3 to value ADMIN_ROLE with data type: STRING
15:05:28.125 [main] TRACE io.micronaut.data.query - Binding parameter at position 4 to value ka/9VEJpeGOZ8ILr5GfU5CK3PYmvjOsTckwambbl9DjidESYKQzsdX0PgCzckbGV with data type: STRING
15:05:28.125 [main] TRACE io.micronaut.data.query - Binding parameter at position 5 to value 2021-09-18T12:05:28.118317900Z with data type: TIMESTAMP
15:05:28.130 [main] TRACE io.micronaut.data.query - Binding parameter at position 6 to value 2021-09-18T12:05:28.118317900Z with data type: TIMESTAMP
15:05:28.130 [main] TRACE io.micronaut.data.query - Binding parameter at position 7 to value true with data type: BOOLEAN
15:05:28.130 [main] TRACE io.micronaut.data.query - Binding parameter at position 8 to value false with data type: BOOLEAN
15:05:28.131 [main] TRACE io.micronaut.data.query - Binding parameter at position 9 to value false with data type: BOOLEAN
15:05:28.131 [main] TRACE io.micronaut.data.query - Binding parameter at position 10 to value 2021-09-18T12:05:27.227321600Z with data type: TIMESTAMP
15:05:28.131 [main] TRACE io.micronaut.data.query - Binding parameter at position 11 to value 2021-09-18T12:05:27.227321600Z with data type: TIMESTAMP
15:05:28.131 [main] TRACE io.micronaut.data.query - Binding parameter at position 12 to value SUCCEED with data type: STRING
15:05:28.132 [main] TRACE io.micronaut.data.query - Binding parameter at position 13 to value 0000 with data type: STRING
15:05:28.149 [main] DEBUG io.micronaut.data.query - Executing Query: SELECT user_.`id`,user_.`username`,user_.`email`,user_.`roles`,user_.`password`,user_.`dateCreated`,user_.`dateUpdated`,user_.`active`,user_.`disabled`,user_.`locked`,user_.`lastTimeLogin`,user_.`lastTimeTryToLogin`,user_.`lastLoginStatus`,user_.`activationCode` FROM `users` user_ WHERE (user_.`username` = ?)
15:05:28.152 [main] TRACE io.micronaut.data.query - Binding parameter at position 1 to value admin with data type: STRING
15:05:29.350 [main] INFO  io.micronaut.runtime.Micronaut - Startup completed in 6469ms. Server Running: http://localhost:8080
15:05:30.374 [default-nioEventLoopGroup-1-3] INFO  i.h.s.AuthenticationProviderUserPassword - Trying to login with :admin
15:05:30.389 [default-nioEventLoopGroup-1-3] DEBUG io.micronaut.data.query - Executing Query: SELECT user_.`id` FROM `users` user_ WHERE (user_.`username` = ?)
15:05:30.390 [default-nioEventLoopGroup-1-3] TRACE io.micronaut.data.query - Binding parameter at position 1 to value admin with data type: STRING
15:05:30.391 [default-nioEventLoopGroup-1-3] DEBUG io.micronaut.data.query - Executing Query: SELECT user_.`id`,user_.`username`,user_.`email`,user_.`roles`,user_.`password`,user_.`dateCreated`,user_.`dateUpdated`,user_.`active`,user_.`disabled`,user_.`locked`,user_.`lastTimeLogin`,user_.`lastTimeTryToLogin`,user_.`lastLoginStatus`,user_.`activationCode` FROM `users` user_ WHERE (user_.`username` = ?)
15:05:30.392 [default-nioEventLoopGroup-1-3] TRACE io.micronaut.data.query - Binding parameter at position 1 to value admin with data type: STRING
15:05:30.521 [default-nioEventLoopGroup-1-3] DEBUG io.micronaut.data.query - Executing Query: DELETE  FROM `refreshTokens`  WHERE (`username` = ?)
15:05:30.522 [default-nioEventLoopGroup-1-3] TRACE io.micronaut.data.query - Binding parameter at position 1 to value admin with data type: STRING
15:05:30.524 [default-nioEventLoopGroup-1-3] TRACE io.micronaut.data.query - Update operation updated 0 records
15:05:30.639 [default-nioEventLoopGroup-1-3] INFO  i.h.s.s.CustomRefreshTokenPersistence - Persist Token by admin
15:05:30.643 [default-nioEventLoopGroup-1-3] DEBUG io.micronaut.data.query - Executing SQL Insert: INSERT INTO `refreshTokens` (`username`,`refreshToken`,`revoked`,`dateCreated`,`dateUpdated`) VALUES (?,?,?,?,?)
15:05:30.643 [default-nioEventLoopGroup-1-3] TRACE io.micronaut.data.query - Binding parameter at position 1 to value admin with data type: STRING
15:05:30.644 [default-nioEventLoopGroup-1-3] TRACE io.micronaut.data.query - Binding parameter at position 2 to value 8822311d-b3ff-4a5d-95d5-624b76c09501 with data type: STRING
15:05:30.644 [default-nioEventLoopGroup-1-3] TRACE io.micronaut.data.query - Binding parameter at position 3 to value false with data type: BOOLEAN
15:05:30.644 [default-nioEventLoopGroup-1-3] TRACE io.micronaut.data.query - Binding parameter at position 4 to value 2021-09-18T12:05:30.643157600Z with data type: TIMESTAMP
15:05:30.644 [default-nioEventLoopGroup-1-3] TRACE io.micronaut.data.query - Binding parameter at position 5 to value 2021-09-18T12:05:30.643157600Z with data type: TIMESTAMP
15:05:30.718 [default-nioEventLoopGroup-1-3] INFO  i.h.s.AuthenticationProviderUserPassword - Username admin logged in successfully
